{"total": {"lines":{"total":252,"covered":209,"skipped":0,"pct":82.94},"statements":{"total":252,"covered":209,"skipped":0,"pct":82.94},"functions":{"total":76,"covered":63,"skipped":0,"pct":82.89},"branches":{"total":136,"covered":83,"skipped":0,"pct":61.03}}
,"/Users/manolo/Documents/Dev/libs-js/loggin-js-workspace/loggin-js/src/lib/index.js": {"lines":{"total":17,"covered":14,"skipped":0,"pct":82.35},"functions":{"total":7,"covered":5,"skipped":0,"pct":71.43},"statements":{"total":17,"covered":14,"skipped":0,"pct":82.35},"branches":{"total":7,"covered":6,"skipped":0,"pct":85.71}}
,"/Users/manolo/Documents/Dev/libs-js/loggin-js-workspace/loggin-js/src/lib/log.js": {"lines":{"total":13,"covered":11,"skipped":0,"pct":84.62},"functions":{"total":3,"covered":2,"skipped":0,"pct":66.67},"statements":{"total":13,"covered":11,"skipped":0,"pct":84.62},"branches":{"total":7,"covered":3,"skipped":0,"pct":42.86}}
,"/Users/manolo/Documents/Dev/libs-js/loggin-js-workspace/loggin-js/src/lib/logger.js": {"lines":{"total":128,"covered":102,"skipped":0,"pct":79.69},"functions":{"total":38,"covered":33,"skipped":0,"pct":86.84},"statements":{"total":128,"covered":102,"skipped":0,"pct":79.69},"branches":{"total":76,"covered":38,"skipped":0,"pct":50}}
,"/Users/manolo/Documents/Dev/libs-js/loggin-js-workspace/loggin-js/src/lib/notifier.js": {"lines":{"total":66,"covered":58,"skipped":0,"pct":87.88},"functions":{"total":16,"covered":14,"skipped":0,"pct":87.5},"statements":{"total":66,"covered":58,"skipped":0,"pct":87.88},"branches":{"total":34,"covered":25,"skipped":0,"pct":73.53}}
,"/Users/manolo/Documents/Dev/libs-js/loggin-js-workspace/loggin-js/src/lib/pipe.js": {"lines":{"total":4,"covered":4,"skipped":0,"pct":100},"functions":{"total":2,"covered":2,"skipped":0,"pct":100},"statements":{"total":4,"covered":4,"skipped":0,"pct":100},"branches":{"total":0,"covered":0,"skipped":0,"pct":100}}
,"/Users/manolo/Documents/Dev/libs-js/loggin-js-workspace/loggin-js/src/lib/severity.js": {"lines":{"total":22,"covered":18,"skipped":0,"pct":81.82},"functions":{"total":9,"covered":6,"skipped":0,"pct":66.67},"statements":{"total":22,"covered":18,"skipped":0,"pct":81.82},"branches":{"total":10,"covered":9,"skipped":0,"pct":90}}
,"/Users/manolo/Documents/Dev/libs-js/loggin-js-workspace/loggin-js/src/lib/util.js": {"lines":{"total":2,"covered":2,"skipped":0,"pct":100},"functions":{"total":1,"covered":1,"skipped":0,"pct":100},"statements":{"total":2,"covered":2,"skipped":0,"pct":100},"branches":{"total":2,"covered":2,"skipped":0,"pct":100}}
}
