{"/Users/manolo/Documents/Dev/libs-js/loggin-js-workspace/loggin-js/src/lib/formatter.js": {"path":"/Users/manolo/Documents/Dev/libs-js/loggin-js-workspace/loggin-js/src/lib/formatter.js","statementMap":{"0":{"start":{"line":2,"column":14},"end":{"line":2,"column":30}},"1":{"start":{"line":3,"column":17},"end":{"line":3,"column":37}},"2":{"start":{"line":5,"column":13},"end":{"line":5,"column":28}},"3":{"start":{"line":5,"column":20},"end":{"line":5,"column":28}},"4":{"start":{"line":7,"column":13},"end":{"line":19,"column":1}},"5":{"start":{"line":8,"column":15},"end":{"line":8,"column":30}},"6":{"start":{"line":9,"column":16},"end":{"line":9,"column":32}},"7":{"start":{"line":10,"column":16},"end":{"line":10,"column":32}},"8":{"start":{"line":11,"column":17},"end":{"line":11,"column":34}},"9":{"start":{"line":12,"column":16},"end":{"line":12,"column":39}},"10":{"start":{"line":13,"column":18},"end":{"line":13,"column":36}},"11":{"start":{"line":14,"column":18},"end":{"line":14,"column":36}},"12":{"start":{"line":15,"column":18},"end":{"line":15,"column":36}},"13":{"start":{"line":16,"column":17},"end":{"line":16,"column":34}},"14":{"start":{"line":17,"column":17},"end":{"line":17,"column":34}},"15":{"start":{"line":18,"column":19},"end":{"line":18,"column":38}},"16":{"start":{"line":21,"column":13},"end":{"line":33,"column":1}},"17":{"start":{"line":22,"column":16},"end":{"line":22,"column":39}},"18":{"start":{"line":23,"column":17},"end":{"line":23,"column":41}},"19":{"start":{"line":24,"column":17},"end":{"line":24,"column":41}},"20":{"start":{"line":25,"column":18},"end":{"line":25,"column":43}},"21":{"start":{"line":26,"column":17},"end":{"line":26,"column":41}},"22":{"start":{"line":27,"column":19},"end":{"line":27,"column":45}},"23":{"start":{"line":28,"column":19},"end":{"line":28,"column":45}},"24":{"start":{"line":29,"column":19},"end":{"line":29,"column":45}},"25":{"start":{"line":30,"column":18},"end":{"line":30,"column":43}},"26":{"start":{"line":31,"column":18},"end":{"line":31,"column":43}},"27":{"start":{"line":32,"column":20},"end":{"line":32,"column":47}},"28":{"start":{"line":35,"column":14},"end":{"line":59,"column":1}},"29":{"start":{"line":63,"column":2},"end":{"line":75,"column":4}},"30":{"start":{"line":65,"column":17},"end":{"line":65,"column":51}},"31":{"start":{"line":66,"column":19},"end":{"line":66,"column":44}},"32":{"start":{"line":67,"column":18},"end":{"line":67,"column":41}},"33":{"start":{"line":68,"column":18},"end":{"line":68,"column":41}},"34":{"start":{"line":69,"column":19},"end":{"line":69,"column":39}},"35":{"start":{"line":70,"column":16},"end":{"line":70,"column":33}},"36":{"start":{"line":71,"column":17},"end":{"line":71,"column":57}},"37":{"start":{"line":79,"column":4},"end":{"line":79,"column":29}},"38":{"start":{"line":83,"column":4},"end":{"line":85,"column":6}},"39":{"start":{"line":84,"column":14},"end":{"line":84,"column":49}},"40":{"start":{"line":86,"column":4},"end":{"line":86,"column":15}},"41":{"start":{"line":98,"column":8},"end":{"line":98,"column":11}},"42":{"start":{"line":100,"column":4},"end":{"line":108,"column":25}},"43":{"start":{"line":112,"column":22},"end":{"line":112,"column":57}},"44":{"start":{"line":113,"column":4},"end":{"line":115,"column":5}},"45":{"start":{"line":114,"column":6},"end":{"line":114,"column":97}},"46":{"start":{"line":117,"column":4},"end":{"line":119,"column":7}},"47":{"start":{"line":123,"column":4},"end":{"line":128,"column":5}},"48":{"start":{"line":124,"column":22},"end":{"line":124,"column":48}},"49":{"start":{"line":125,"column":6},"end":{"line":127,"column":7}},"50":{"start":{"line":126,"column":8},"end":{"line":126,"column":25}},"51":{"start":{"line":130,"column":4},"end":{"line":130,"column":26}},"52":{"start":{"line":134,"column":4},"end":{"line":136,"column":5}},"53":{"start":{"line":135,"column":6},"end":{"line":135,"column":19}},"54":{"start":{"line":138,"column":4},"end":{"line":138,"column":35}},"55":{"start":{"line":142,"column":4},"end":{"line":144,"column":5}},"56":{"start":{"line":143,"column":6},"end":{"line":143,"column":69}},"57":{"start":{"line":145,"column":4},"end":{"line":147,"column":5}},"58":{"start":{"line":146,"column":6},"end":{"line":146,"column":77}},"59":{"start":{"line":149,"column":20},"end":{"line":149,"column":38}},"60":{"start":{"line":151,"column":4},"end":{"line":152,"column":59}},"61":{"start":{"line":154,"column":4},"end":{"line":154,"column":21}},"62":{"start":{"line":161,"column":0},"end":{"line":202,"column":2}},"63":{"start":{"line":164,"column":17},"end":{"line":164,"column":69}},"64":{"start":{"line":168,"column":17},"end":{"line":168,"column":70}},"65":{"start":{"line":172,"column":17},"end":{"line":172,"column":69}},"66":{"start":{"line":176,"column":17},"end":{"line":176,"column":71}},"67":{"start":{"line":180,"column":17},"end":{"line":180,"column":68}},"68":{"start":{"line":184,"column":17},"end":{"line":184,"column":68}},"69":{"start":{"line":188,"column":17},"end":{"line":188,"column":70}},"70":{"start":{"line":192,"column":17},"end":{"line":192,"column":67}},"71":{"start":{"line":196,"column":17},"end":{"line":196,"column":67}},"72":{"start":{"line":200,"column":17},"end":{"line":200,"column":65}},"73":{"start":{"line":204,"column":0},"end":{"line":204,"column":27}},"74":{"start":{"line":206,"column":0},"end":{"line":206,"column":27}}},"fnMap":{"0":{"name":"(anonymous_0)","decl":{"start":{"line":5,"column":13},"end":{"line":5,"column":14}},"loc":{"start":{"line":5,"column":20},"end":{"line":5,"column":28}},"line":5},"1":{"name":"(anonymous_1)","decl":{"start":{"line":8,"column":10},"end":{"line":8,"column":11}},"loc":{"start":{"line":8,"column":15},"end":{"line":8,"column":30}},"line":8},"2":{"name":"(anonymous_2)","decl":{"start":{"line":9,"column":11},"end":{"line":9,"column":12}},"loc":{"start":{"line":9,"column":16},"end":{"line":9,"column":32}},"line":9},"3":{"name":"(anonymous_3)","decl":{"start":{"line":10,"column":11},"end":{"line":10,"column":12}},"loc":{"start":{"line":10,"column":16},"end":{"line":10,"column":32}},"line":10},"4":{"name":"(anonymous_4)","decl":{"start":{"line":11,"column":12},"end":{"line":11,"column":13}},"loc":{"start":{"line":11,"column":17},"end":{"line":11,"column":34}},"line":11},"5":{"name":"(anonymous_5)","decl":{"start":{"line":12,"column":11},"end":{"line":12,"column":12}},"loc":{"start":{"line":12,"column":16},"end":{"line":12,"column":39}},"line":12},"6":{"name":"(anonymous_6)","decl":{"start":{"line":13,"column":13},"end":{"line":13,"column":14}},"loc":{"start":{"line":13,"column":18},"end":{"line":13,"column":36}},"line":13},"7":{"name":"(anonymous_7)","decl":{"start":{"line":14,"column":13},"end":{"line":14,"column":14}},"loc":{"start":{"line":14,"column":18},"end":{"line":14,"column":36}},"line":14},"8":{"name":"(anonymous_8)","decl":{"start":{"line":15,"column":13},"end":{"line":15,"column":14}},"loc":{"start":{"line":15,"column":18},"end":{"line":15,"column":36}},"line":15},"9":{"name":"(anonymous_9)","decl":{"start":{"line":16,"column":12},"end":{"line":16,"column":13}},"loc":{"start":{"line":16,"column":17},"end":{"line":16,"column":34}},"line":16},"10":{"name":"(anonymous_10)","decl":{"start":{"line":17,"column":12},"end":{"line":17,"column":13}},"loc":{"start":{"line":17,"column":17},"end":{"line":17,"column":34}},"line":17},"11":{"name":"(anonymous_11)","decl":{"start":{"line":18,"column":14},"end":{"line":18,"column":15}},"loc":{"start":{"line":18,"column":19},"end":{"line":18,"column":38}},"line":18},"12":{"name":"(anonymous_12)","decl":{"start":{"line":22,"column":11},"end":{"line":22,"column":12}},"loc":{"start":{"line":22,"column":16},"end":{"line":22,"column":39}},"line":22},"13":{"name":"(anonymous_13)","decl":{"start":{"line":23,"column":12},"end":{"line":23,"column":13}},"loc":{"start":{"line":23,"column":17},"end":{"line":23,"column":41}},"line":23},"14":{"name":"(anonymous_14)","decl":{"start":{"line":24,"column":12},"end":{"line":24,"column":13}},"loc":{"start":{"line":24,"column":17},"end":{"line":24,"column":41}},"line":24},"15":{"name":"(anonymous_15)","decl":{"start":{"line":25,"column":13},"end":{"line":25,"column":14}},"loc":{"start":{"line":25,"column":18},"end":{"line":25,"column":43}},"line":25},"16":{"name":"(anonymous_16)","decl":{"start":{"line":26,"column":12},"end":{"line":26,"column":13}},"loc":{"start":{"line":26,"column":17},"end":{"line":26,"column":41}},"line":26},"17":{"name":"(anonymous_17)","decl":{"start":{"line":27,"column":14},"end":{"line":27,"column":15}},"loc":{"start":{"line":27,"column":19},"end":{"line":27,"column":45}},"line":27},"18":{"name":"(anonymous_18)","decl":{"start":{"line":28,"column":14},"end":{"line":28,"column":15}},"loc":{"start":{"line":28,"column":19},"end":{"line":28,"column":45}},"line":28},"19":{"name":"(anonymous_19)","decl":{"start":{"line":29,"column":14},"end":{"line":29,"column":15}},"loc":{"start":{"line":29,"column":19},"end":{"line":29,"column":45}},"line":29},"20":{"name":"(anonymous_20)","decl":{"start":{"line":30,"column":13},"end":{"line":30,"column":14}},"loc":{"start":{"line":30,"column":18},"end":{"line":30,"column":43}},"line":30},"21":{"name":"(anonymous_21)","decl":{"start":{"line":31,"column":13},"end":{"line":31,"column":14}},"loc":{"start":{"line":31,"column":18},"end":{"line":31,"column":43}},"line":31},"22":{"name":"(anonymous_22)","decl":{"start":{"line":32,"column":15},"end":{"line":32,"column":16}},"loc":{"start":{"line":32,"column":20},"end":{"line":32,"column":47}},"line":32},"23":{"name":"(anonymous_23)","decl":{"start":{"line":65,"column":12},"end":{"line":65,"column":13}},"loc":{"start":{"line":65,"column":17},"end":{"line":65,"column":51}},"line":65},"24":{"name":"(anonymous_24)","decl":{"start":{"line":66,"column":14},"end":{"line":66,"column":15}},"loc":{"start":{"line":66,"column":19},"end":{"line":66,"column":44}},"line":66},"25":{"name":"(anonymous_25)","decl":{"start":{"line":67,"column":13},"end":{"line":67,"column":14}},"loc":{"start":{"line":67,"column":18},"end":{"line":67,"column":41}},"line":67},"26":{"name":"(anonymous_26)","decl":{"start":{"line":68,"column":13},"end":{"line":68,"column":14}},"loc":{"start":{"line":68,"column":18},"end":{"line":68,"column":41}},"line":68},"27":{"name":"(anonymous_27)","decl":{"start":{"line":69,"column":14},"end":{"line":69,"column":15}},"loc":{"start":{"line":69,"column":19},"end":{"line":69,"column":39}},"line":69},"28":{"name":"(anonymous_28)","decl":{"start":{"line":70,"column":11},"end":{"line":70,"column":12}},"loc":{"start":{"line":70,"column":16},"end":{"line":70,"column":33}},"line":70},"29":{"name":"(anonymous_29)","decl":{"start":{"line":71,"column":12},"end":{"line":71,"column":13}},"loc":{"start":{"line":71,"column":17},"end":{"line":71,"column":57}},"line":71},"30":{"name":"(anonymous_30)","decl":{"start":{"line":78,"column":2},"end":{"line":78,"column":3}},"loc":{"start":{"line":78,"column":24},"end":{"line":80,"column":3}},"line":78},"31":{"name":"(anonymous_31)","decl":{"start":{"line":82,"column":2},"end":{"line":82,"column":3}},"loc":{"start":{"line":82,"column":13},"end":{"line":87,"column":3}},"line":82},"32":{"name":"(anonymous_32)","decl":{"start":{"line":84,"column":6},"end":{"line":84,"column":7}},"loc":{"start":{"line":84,"column":14},"end":{"line":84,"column":49}},"line":84},"33":{"name":"(anonymous_33)","decl":{"start":{"line":89,"column":2},"end":{"line":89,"column":3}},"loc":{"start":{"line":89,"column":42},"end":{"line":109,"column":3}},"line":89},"34":{"name":"(anonymous_34)","decl":{"start":{"line":111,"column":2},"end":{"line":111,"column":3}},"loc":{"start":{"line":111,"column":47},"end":{"line":120,"column":3}},"line":111},"35":{"name":"(anonymous_35)","decl":{"start":{"line":122,"column":2},"end":{"line":122,"column":3}},"loc":{"start":{"line":122,"column":23},"end":{"line":131,"column":3}},"line":122},"36":{"name":"(anonymous_36)","decl":{"start":{"line":133,"column":2},"end":{"line":133,"column":3}},"loc":{"start":{"line":133,"column":20},"end":{"line":139,"column":3}},"line":133},"37":{"name":"(anonymous_37)","decl":{"start":{"line":141,"column":2},"end":{"line":141,"column":3}},"loc":{"start":{"line":141,"column":48},"end":{"line":155,"column":3}},"line":141},"38":{"name":"(anonymous_38)","decl":{"start":{"line":164,"column":8},"end":{"line":164,"column":9}},"loc":{"start":{"line":164,"column":17},"end":{"line":164,"column":69}},"line":164},"39":{"name":"(anonymous_39)","decl":{"start":{"line":168,"column":8},"end":{"line":168,"column":9}},"loc":{"start":{"line":168,"column":17},"end":{"line":168,"column":70}},"line":168},"40":{"name":"(anonymous_40)","decl":{"start":{"line":172,"column":8},"end":{"line":172,"column":9}},"loc":{"start":{"line":172,"column":17},"end":{"line":172,"column":69}},"line":172},"41":{"name":"(anonymous_41)","decl":{"start":{"line":176,"column":8},"end":{"line":176,"column":9}},"loc":{"start":{"line":176,"column":17},"end":{"line":176,"column":71}},"line":176},"42":{"name":"(anonymous_42)","decl":{"start":{"line":180,"column":8},"end":{"line":180,"column":9}},"loc":{"start":{"line":180,"column":17},"end":{"line":180,"column":68}},"line":180},"43":{"name":"(anonymous_43)","decl":{"start":{"line":184,"column":8},"end":{"line":184,"column":9}},"loc":{"start":{"line":184,"column":17},"end":{"line":184,"column":68}},"line":184},"44":{"name":"(anonymous_44)","decl":{"start":{"line":188,"column":8},"end":{"line":188,"column":9}},"loc":{"start":{"line":188,"column":17},"end":{"line":188,"column":70}},"line":188},"45":{"name":"(anonymous_45)","decl":{"start":{"line":192,"column":8},"end":{"line":192,"column":9}},"loc":{"start":{"line":192,"column":17},"end":{"line":192,"column":67}},"line":192},"46":{"name":"(anonymous_46)","decl":{"start":{"line":196,"column":8},"end":{"line":196,"column":9}},"loc":{"start":{"line":196,"column":17},"end":{"line":196,"column":67}},"line":196},"47":{"name":"(anonymous_47)","decl":{"start":{"line":200,"column":8},"end":{"line":200,"column":9}},"loc":{"start":{"line":200,"column":17},"end":{"line":200,"column":65}},"line":200}},"branchMap":{"0":{"loc":{"start":{"line":65,"column":17},"end":{"line":65,"column":51}},"type":"cond-expr","locations":[{"start":{"line":65,"column":21},"end":{"line":65,"column":47}},{"start":{"line":65,"column":50},"end":{"line":65,"column":51}}],"line":65},"1":{"loc":{"start":{"line":66,"column":19},"end":{"line":66,"column":44}},"type":"cond-expr","locations":[{"start":{"line":66,"column":23},"end":{"line":66,"column":40}},{"start":{"line":66,"column":43},"end":{"line":66,"column":44}}],"line":66},"2":{"loc":{"start":{"line":67,"column":18},"end":{"line":67,"column":41}},"type":"cond-expr","locations":[{"start":{"line":67,"column":22},"end":{"line":67,"column":37}},{"start":{"line":67,"column":40},"end":{"line":67,"column":41}}],"line":67},"3":{"loc":{"start":{"line":68,"column":18},"end":{"line":68,"column":41}},"type":"cond-expr","locations":[{"start":{"line":68,"column":22},"end":{"line":68,"column":37}},{"start":{"line":68,"column":40},"end":{"line":68,"column":41}}],"line":68},"4":{"loc":{"start":{"line":69,"column":19},"end":{"line":69,"column":39}},"type":"cond-expr","locations":[{"start":{"line":69,"column":23},"end":{"line":69,"column":35}},{"start":{"line":69,"column":38},"end":{"line":69,"column":39}}],"line":69},"5":{"loc":{"start":{"line":70,"column":16},"end":{"line":70,"column":33}},"type":"cond-expr","locations":[{"start":{"line":70,"column":20},"end":{"line":70,"column":29}},{"start":{"line":70,"column":32},"end":{"line":70,"column":33}}],"line":70},"6":{"loc":{"start":{"line":71,"column":17},"end":{"line":71,"column":57}},"type":"cond-expr","locations":[{"start":{"line":71,"column":21},"end":{"line":71,"column":53}},{"start":{"line":71,"column":56},"end":{"line":71,"column":57}}],"line":71},"7":{"loc":{"start":{"line":89,"column":17},"end":{"line":89,"column":40}},"type":"default-arg","locations":[{"start":{"line":89,"column":24},"end":{"line":89,"column":40}}],"line":89},"8":{"loc":{"start":{"line":111,"column":32},"end":{"line":111,"column":45}},"type":"default-arg","locations":[{"start":{"line":111,"column":40},"end":{"line":111,"column":45}}],"line":111},"9":{"loc":{"start":{"line":113,"column":4},"end":{"line":115,"column":5}},"type":"if","locations":[{"start":{"line":113,"column":4},"end":{"line":115,"column":5}},{"start":{"line":113,"column":4},"end":{"line":115,"column":5}}],"line":113},"10":{"loc":{"start":{"line":118,"column":26},"end":{"line":118,"column":49}},"type":"cond-expr","locations":[{"start":{"line":118,"column":34},"end":{"line":118,"column":39}},{"start":{"line":118,"column":42},"end":{"line":118,"column":49}}],"line":118},"11":{"loc":{"start":{"line":125,"column":6},"end":{"line":127,"column":7}},"type":"if","locations":[{"start":{"line":125,"column":6},"end":{"line":127,"column":7}},{"start":{"line":125,"column":6},"end":{"line":127,"column":7}}],"line":125},"12":{"loc":{"start":{"line":134,"column":4},"end":{"line":136,"column":5}},"type":"if","locations":[{"start":{"line":134,"column":4},"end":{"line":136,"column":5}},{"start":{"line":134,"column":4},"end":{"line":136,"column":5}}],"line":134},"13":{"loc":{"start":{"line":134,"column":8},"end":{"line":134,"column":55}},"type":"binary-expr","locations":[{"start":{"line":134,"column":8},"end":{"line":134,"column":13}},{"start":{"line":134,"column":17},"end":{"line":134,"column":55}}],"line":134},"14":{"loc":{"start":{"line":141,"column":34},"end":{"line":141,"column":46}},"type":"default-arg","locations":[{"start":{"line":141,"column":44},"end":{"line":141,"column":46}}],"line":141},"15":{"loc":{"start":{"line":142,"column":4},"end":{"line":144,"column":5}},"type":"if","locations":[{"start":{"line":142,"column":4},"end":{"line":144,"column":5}},{"start":{"line":142,"column":4},"end":{"line":144,"column":5}}],"line":142},"16":{"loc":{"start":{"line":145,"column":4},"end":{"line":147,"column":5}},"type":"if","locations":[{"start":{"line":145,"column":4},"end":{"line":147,"column":5}},{"start":{"line":145,"column":4},"end":{"line":147,"column":5}}],"line":145}},"s":{"0":5,"1":5,"2":5,"3":0,"4":5,"5":0,"6":0,"7":0,"8":0,"9":0,"10":0,"11":0,"12":0,"13":0,"14":0,"15":0,"16":5,"17":0,"18":0,"19":0,"20":0,"21":0,"22":0,"23":0,"24":0,"25":0,"26":0,"27":0,"28":5,"29":5,"30":0,"31":0,"32":0,"33":0,"34":0,"35":0,"36":0,"37":25,"38":0,"39":0,"40":0,"41":0,"42":0,"43":0,"44":0,"45":0,"46":0,"47":36,"48":165,"49":165,"50":21,"51":15,"52":36,"53":0,"54":36,"55":25,"56":0,"57":25,"58":0,"59":25,"60":25,"61":25,"62":5,"63":0,"64":0,"65":0,"66":0,"67":0,"68":0,"69":0,"70":0,"71":0,"72":0,"73":5,"74":5},"f":{"0":0,"1":0,"2":0,"3":0,"4":0,"5":0,"6":0,"7":0,"8":0,"9":0,"10":0,"11":0,"12":0,"13":0,"14":0,"15":0,"16":0,"17":0,"18":0,"19":0,"20":0,"21":0,"22":0,"23":0,"24":0,"25":0,"26":0,"27":0,"28":0,"29":0,"30":25,"31":0,"32":0,"33":0,"34":0,"35":36,"36":36,"37":25,"38":0,"39":0,"40":0,"41":0,"42":0,"43":0,"44":0,"45":0,"46":0,"47":0},"b":{"0":[0,0],"1":[0,0],"2":[0,0],"3":[0,0],"4":[0,0],"5":[0,0],"6":[0,0],"7":[0],"8":[0],"9":[0,0],"10":[0,0],"11":[21,144],"12":[0,36],"13":[36,28],"14":[0],"15":[0,25],"16":[0,25]},"_coverageSchema":"332fd63041d2c1bcb487cc26dd0d5f7d97098a6c","hash":"6d82b94440a8408b847a8ee34f02b240fa5a1e6c"}
,"/Users/manolo/Documents/Dev/libs-js/loggin-js-workspace/loggin-js/src/lib/index.js": {"path":"/Users/manolo/Documents/Dev/libs-js/loggin-js-workspace/loggin-js/src/lib/index.js","statementMap":{"0":{"start":{"line":3,"column":15},"end":{"line":3,"column":34}},"1":{"start":{"line":4,"column":17},"end":{"line":4,"column":38}},"2":{"start":{"line":5,"column":18},"end":{"line":5,"column":40}},"3":{"start":{"line":6,"column":17},"end":{"line":6,"column":38}},"4":{"start":{"line":7,"column":12},"end":{"line":7,"column":28}},"5":{"start":{"line":8,"column":13},"end":{"line":8,"column":30}},"6":{"start":{"line":11,"column":2},"end":{"line":11,"column":32}},"7":{"start":{"line":15,"column":2},"end":{"line":15,"column":34}},"8":{"start":{"line":19,"column":2},"end":{"line":19,"column":33}},"9":{"start":{"line":23,"column":2},"end":{"line":23,"column":29}},"10":{"start":{"line":27,"column":2},"end":{"line":27,"column":40}},"11":{"start":{"line":31,"column":2},"end":{"line":31,"column":35}},"12":{"start":{"line":35,"column":2},"end":{"line":37,"column":3}},"13":{"start":{"line":36,"column":4},"end":{"line":36,"column":51}},"14":{"start":{"line":40,"column":2},"end":{"line":40,"column":15}},"15":{"start":{"line":44,"column":17},"end":{"line":59,"column":1}},"16":{"start":{"line":61,"column":0},"end":{"line":61,"column":26}}},"fnMap":{"0":{"name":"logger","decl":{"start":{"line":10,"column":9},"end":{"line":10,"column":15}},"loc":{"start":{"line":10,"column":45},"end":{"line":12,"column":1}},"line":10},"1":{"name":"notifier","decl":{"start":{"line":14,"column":9},"end":{"line":14,"column":17}},"loc":{"start":{"line":14,"column":47},"end":{"line":16,"column":1}},"line":14},"2":{"name":"formatter","decl":{"start":{"line":18,"column":9},"end":{"line":18,"column":18}},"loc":{"start":{"line":18,"column":41},"end":{"line":20,"column":1}},"line":18},"3":{"name":"severity","decl":{"start":{"line":22,"column":9},"end":{"line":22,"column":17}},"loc":{"start":{"line":22,"column":25},"end":{"line":24,"column":1}},"line":22},"4":{"name":"merge","decl":{"start":{"line":26,"column":9},"end":{"line":26,"column":14}},"loc":{"start":{"line":26,"column":33},"end":{"line":28,"column":1}},"line":26},"5":{"name":"pipe","decl":{"start":{"line":30,"column":9},"end":{"line":30,"column":13}},"loc":{"start":{"line":30,"column":31},"end":{"line":32,"column":1}},"line":30},"6":{"name":"use","decl":{"start":{"line":34,"column":9},"end":{"line":34,"column":12}},"loc":{"start":{"line":34,"column":21},"end":{"line":41,"column":1}},"line":34}},"branchMap":{"0":{"loc":{"start":{"line":10,"column":16},"end":{"line":10,"column":32}},"type":"default-arg","locations":[{"start":{"line":10,"column":23},"end":{"line":10,"column":32}}],"line":10},"1":{"loc":{"start":{"line":10,"column":34},"end":{"line":10,"column":43}},"type":"default-arg","locations":[{"start":{"line":10,"column":41},"end":{"line":10,"column":43}}],"line":10},"2":{"loc":{"start":{"line":14,"column":18},"end":{"line":14,"column":34}},"type":"default-arg","locations":[{"start":{"line":14,"column":25},"end":{"line":14,"column":34}}],"line":14},"3":{"loc":{"start":{"line":14,"column":36},"end":{"line":14,"column":45}},"type":"default-arg","locations":[{"start":{"line":14,"column":43},"end":{"line":14,"column":45}}],"line":14},"4":{"loc":{"start":{"line":18,"column":19},"end":{"line":18,"column":39}},"type":"default-arg","locations":[{"start":{"line":18,"column":30},"end":{"line":18,"column":39}}],"line":18},"5":{"loc":{"start":{"line":35,"column":2},"end":{"line":37,"column":3}},"type":"if","locations":[{"start":{"line":35,"column":2},"end":{"line":37,"column":3}},{"start":{"line":35,"column":2},"end":{"line":37,"column":3}}],"line":35}},"s":{"0":5,"1":5,"2":5,"3":5,"4":5,"5":5,"6":8,"7":7,"8":3,"9":9,"10":0,"11":1,"12":20,"13":0,"14":20,"15":5,"16":5},"f":{"0":8,"1":7,"2":3,"3":9,"4":0,"5":1,"6":20},"b":{"0":[1],"1":[8],"2":[1],"3":[5],"4":[1],"5":[0,20]},"_coverageSchema":"332fd63041d2c1bcb487cc26dd0d5f7d97098a6c","hash":"bf98d1f5279ce5ddb65509ca1672745e3a28ed86"}
,"/Users/manolo/Documents/Dev/libs-js/loggin-js-workspace/loggin-js/src/lib/log.js": {"path":"/Users/manolo/Documents/Dev/libs-js/loggin-js-workspace/loggin-js/src/lib/log.js","statementMap":{"0":{"start":{"line":2,"column":17},"end":{"line":2,"column":38}},"1":{"start":{"line":3,"column":18},"end":{"line":3,"column":40}},"2":{"start":{"line":11,"column":4},"end":{"line":11,"column":27}},"3":{"start":{"line":12,"column":4},"end":{"line":12,"column":21}},"4":{"start":{"line":13,"column":4},"end":{"line":13,"column":23}},"5":{"start":{"line":14,"column":4},"end":{"line":14,"column":27}},"6":{"start":{"line":15,"column":4},"end":{"line":15,"column":37}},"7":{"start":{"line":16,"column":4},"end":{"line":16,"column":35}},"8":{"start":{"line":17,"column":4},"end":{"line":17,"column":21}},"9":{"start":{"line":35,"column":8},"end":{"line":35,"column":12}},"10":{"start":{"line":37,"column":4},"end":{"line":45,"column":30}},"11":{"start":{"line":49,"column":4},"end":{"line":49,"column":86}},"12":{"start":{"line":53,"column":0},"end":{"line":53,"column":21}}},"fnMap":{"0":{"name":"(anonymous_0)","decl":{"start":{"line":10,"column":2},"end":{"line":10,"column":3}},"loc":{"start":{"line":10,"column":99},"end":{"line":18,"column":3}},"line":10},"1":{"name":"(anonymous_1)","decl":{"start":{"line":24,"column":2},"end":{"line":24,"column":3}},"loc":{"start":{"line":26,"column":5},"end":{"line":46,"column":3}},"line":26},"2":{"name":"(anonymous_2)","decl":{"start":{"line":48,"column":2},"end":{"line":48,"column":3}},"loc":{"start":{"line":48,"column":25},"end":{"line":50,"column":3}},"line":48}},"branchMap":{"0":{"loc":{"start":{"line":10,"column":23},"end":{"line":10,"column":34}},"type":"default-arg","locations":[{"start":{"line":10,"column":30},"end":{"line":10,"column":34}}],"line":10},"1":{"loc":{"start":{"line":10,"column":36},"end":{"line":10,"column":58}},"type":"default-arg","locations":[{"start":{"line":10,"column":44},"end":{"line":10,"column":58}}],"line":10},"2":{"loc":{"start":{"line":10,"column":60},"end":{"line":10,"column":72}},"type":"default-arg","locations":[{"start":{"line":10,"column":70},"end":{"line":10,"column":72}}],"line":10},"3":{"loc":{"start":{"line":10,"column":74},"end":{"line":10,"column":91}},"type":"default-arg","locations":[{"start":{"line":10,"column":81},"end":{"line":10,"column":91}}],"line":10},"4":{"loc":{"start":{"line":16,"column":16},"end":{"line":16,"column":34}},"type":"binary-expr","locations":[{"start":{"line":16,"column":16},"end":{"line":16,"column":20}},{"start":{"line":16,"column":24},"end":{"line":16,"column":34}}],"line":16},"5":{"loc":{"start":{"line":24,"column":20},"end":{"line":26,"column":3}},"type":"default-arg","locations":[{"start":{"line":24,"column":27},"end":{"line":26,"column":3}}],"line":24}},"s":{"0":5,"1":5,"2":2,"3":2,"4":2,"5":2,"6":2,"7":2,"8":2,"9":0,"10":0,"11":0,"12":5},"f":{"0":2,"1":0,"2":0},"b":{"0":[0],"1":[0],"2":[2],"3":[2],"4":[2,0],"5":[0]},"_coverageSchema":"332fd63041d2c1bcb487cc26dd0d5f7d97098a6c","hash":"043b9c86f265a73fe2362a2776402b254a9a4275"}
,"/Users/manolo/Documents/Dev/libs-js/loggin-js-workspace/loggin-js/src/lib/logger.js": {"path":"/Users/manolo/Documents/Dev/libs-js/loggin-js-workspace/loggin-js/src/lib/logger.js","statementMap":{"0":{"start":{"line":3,"column":11},"end":{"line":3,"column":24}},"1":{"start":{"line":4,"column":13},"end":{"line":4,"column":28}},"2":{"start":{"line":6,"column":12},"end":{"line":6,"column":28}},"3":{"start":{"line":7,"column":17},"end":{"line":7,"column":38}},"4":{"start":{"line":8,"column":17},"end":{"line":8,"column":38}},"5":{"start":{"line":9,"column":18},"end":{"line":9,"column":40}},"6":{"start":{"line":10,"column":23},"end":{"line":10,"column":40}},"7":{"start":{"line":15,"column":4},"end":{"line":18,"column":6}},"8":{"start":{"line":20,"column":4},"end":{"line":20,"column":24}},"9":{"start":{"line":21,"column":20},"end":{"line":21,"column":37}},"10":{"start":{"line":22,"column":4},"end":{"line":24,"column":5}},"11":{"start":{"line":23,"column":6},"end":{"line":23,"column":44}},"12":{"start":{"line":26,"column":4},"end":{"line":26,"column":16}},"13":{"start":{"line":27,"column":4},"end":{"line":27,"column":15}},"14":{"start":{"line":28,"column":4},"end":{"line":28,"column":18}},"15":{"start":{"line":29,"column":4},"end":{"line":29,"column":18}},"16":{"start":{"line":30,"column":4},"end":{"line":30,"column":16}},"17":{"start":{"line":31,"column":4},"end":{"line":31,"column":20}},"18":{"start":{"line":32,"column":4},"end":{"line":32,"column":22}},"19":{"start":{"line":36,"column":4},"end":{"line":36,"column":33}},"20":{"start":{"line":38,"column":4},"end":{"line":38,"column":35}},"21":{"start":{"line":39,"column":4},"end":{"line":39,"column":33}},"22":{"start":{"line":40,"column":4},"end":{"line":40,"column":39}},"23":{"start":{"line":41,"column":4},"end":{"line":41,"column":39}},"24":{"start":{"line":42,"column":4},"end":{"line":42,"column":35}},"25":{"start":{"line":43,"column":4},"end":{"line":43,"column":43}},"26":{"start":{"line":44,"column":4},"end":{"line":44,"column":47}},"27":{"start":{"line":48,"column":4},"end":{"line":48,"column":55}},"28":{"start":{"line":52,"column":4},"end":{"line":52,"column":31}},"29":{"start":{"line":57,"column":4},"end":{"line":57,"column":35}},"30":{"start":{"line":58,"column":4},"end":{"line":58,"column":16}},"31":{"start":{"line":62,"column":4},"end":{"line":62,"column":29}},"32":{"start":{"line":63,"column":4},"end":{"line":63,"column":16}},"33":{"start":{"line":67,"column":4},"end":{"line":67,"column":35}},"34":{"start":{"line":68,"column":4},"end":{"line":68,"column":16}},"35":{"start":{"line":72,"column":4},"end":{"line":72,"column":63}},"36":{"start":{"line":74,"column":4},"end":{"line":75,"column":39}},"37":{"start":{"line":75,"column":6},"end":{"line":75,"column":37}},"38":{"start":{"line":77,"column":4},"end":{"line":77,"column":16}},"39":{"start":{"line":81,"column":4},"end":{"line":81,"column":39}},"40":{"start":{"line":82,"column":4},"end":{"line":83,"column":47}},"41":{"start":{"line":83,"column":6},"end":{"line":83,"column":45}},"42":{"start":{"line":85,"column":4},"end":{"line":85,"column":16}},"43":{"start":{"line":89,"column":4},"end":{"line":90,"column":31}},"44":{"start":{"line":90,"column":6},"end":{"line":90,"column":29}},"45":{"start":{"line":92,"column":4},"end":{"line":92,"column":16}},"46":{"start":{"line":97,"column":4},"end":{"line":100,"column":6}},"47":{"start":{"line":101,"column":4},"end":{"line":101,"column":16}},"48":{"start":{"line":105,"column":4},"end":{"line":105,"column":32}},"49":{"start":{"line":106,"column":4},"end":{"line":106,"column":16}},"50":{"start":{"line":110,"column":4},"end":{"line":111,"column":27}},"51":{"start":{"line":111,"column":6},"end":{"line":111,"column":25}},"52":{"start":{"line":115,"column":4},"end":{"line":120,"column":5}},"53":{"start":{"line":116,"column":6},"end":{"line":116,"column":18}},"54":{"start":{"line":118,"column":6},"end":{"line":119,"column":35}},"55":{"start":{"line":119,"column":8},"end":{"line":119,"column":27}},"56":{"start":{"line":124,"column":4},"end":{"line":124,"column":31}},"57":{"start":{"line":125,"column":4},"end":{"line":126,"column":39}},"58":{"start":{"line":126,"column":6},"end":{"line":126,"column":37}},"59":{"start":{"line":128,"column":4},"end":{"line":128,"column":16}},"60":{"start":{"line":132,"column":4},"end":{"line":132,"column":36}},"61":{"start":{"line":133,"column":4},"end":{"line":134,"column":51}},"62":{"start":{"line":134,"column":6},"end":{"line":134,"column":49}},"63":{"start":{"line":136,"column":4},"end":{"line":136,"column":16}},"64":{"start":{"line":140,"column":4},"end":{"line":140,"column":47}},"65":{"start":{"line":144,"column":17},"end":{"line":151,"column":5}},"66":{"start":{"line":153,"column":4},"end":{"line":175,"column":5}},"67":{"start":{"line":154,"column":16},"end":{"line":154,"column":23}},"68":{"start":{"line":155,"column":6},"end":{"line":157,"column":7}},"69":{"start":{"line":156,"column":8},"end":{"line":156,"column":35}},"70":{"start":{"line":159,"column":6},"end":{"line":174,"column":11}},"71":{"start":{"line":161,"column":10},"end":{"line":173,"column":11}},"72":{"start":{"line":163,"column":12},"end":{"line":165,"column":13}},"73":{"start":{"line":164,"column":14},"end":{"line":164,"column":52}},"74":{"start":{"line":167,"column":12},"end":{"line":170,"column":21}},"75":{"start":{"line":170,"column":14},"end":{"line":170,"column":21}},"76":{"start":{"line":172,"column":12},"end":{"line":172,"column":33}},"77":{"start":{"line":177,"column":4},"end":{"line":177,"column":16}},"78":{"start":{"line":182,"column":4},"end":{"line":185,"column":7}},"79":{"start":{"line":187,"column":4},"end":{"line":187,"column":16}},"80":{"start":{"line":191,"column":4},"end":{"line":194,"column":7}},"81":{"start":{"line":196,"column":4},"end":{"line":196,"column":16}},"82":{"start":{"line":200,"column":4},"end":{"line":203,"column":7}},"83":{"start":{"line":205,"column":4},"end":{"line":205,"column":16}},"84":{"start":{"line":209,"column":4},"end":{"line":212,"column":7}},"85":{"start":{"line":214,"column":4},"end":{"line":214,"column":16}},"86":{"start":{"line":218,"column":4},"end":{"line":221,"column":7}},"87":{"start":{"line":223,"column":4},"end":{"line":223,"column":16}},"88":{"start":{"line":227,"column":4},"end":{"line":230,"column":7}},"89":{"start":{"line":232,"column":4},"end":{"line":232,"column":16}},"90":{"start":{"line":236,"column":4},"end":{"line":239,"column":7}},"91":{"start":{"line":241,"column":4},"end":{"line":241,"column":16}},"92":{"start":{"line":245,"column":4},"end":{"line":248,"column":7}},"93":{"start":{"line":250,"column":4},"end":{"line":250,"column":16}},"94":{"start":{"line":254,"column":4},"end":{"line":257,"column":7}},"95":{"start":{"line":259,"column":4},"end":{"line":259,"column":16}},"96":{"start":{"line":263,"column":4},"end":{"line":268,"column":5}},"97":{"start":{"line":264,"column":19},"end":{"line":264,"column":39}},"98":{"start":{"line":265,"column":6},"end":{"line":267,"column":7}},"99":{"start":{"line":266,"column":8},"end":{"line":266,"column":22}},"100":{"start":{"line":270,"column":4},"end":{"line":270,"column":25}},"101":{"start":{"line":275,"column":4},"end":{"line":282,"column":5}},"102":{"start":{"line":276,"column":6},"end":{"line":276,"column":34}},"103":{"start":{"line":277,"column":6},"end":{"line":277,"column":30}},"104":{"start":{"line":278,"column":11},"end":{"line":282,"column":5}},"105":{"start":{"line":279,"column":6},"end":{"line":279,"column":30}},"106":{"start":{"line":281,"column":6},"end":{"line":281,"column":67}},"107":{"start":{"line":289,"column":20},"end":{"line":289,"column":22}},"108":{"start":{"line":290,"column":18},"end":{"line":290,"column":20}},"109":{"start":{"line":291,"column":4},"end":{"line":303,"column":5}},"110":{"start":{"line":292,"column":6},"end":{"line":302,"column":7}},"111":{"start":{"line":293,"column":8},"end":{"line":293,"column":63}},"112":{"start":{"line":295,"column":8},"end":{"line":297,"column":9}},"113":{"start":{"line":296,"column":10},"end":{"line":296,"column":59}},"114":{"start":{"line":299,"column":8},"end":{"line":301,"column":9}},"115":{"start":{"line":300,"column":10},"end":{"line":300,"column":47}},"116":{"start":{"line":305,"column":17},"end":{"line":305,"column":36}},"117":{"start":{"line":306,"column":4},"end":{"line":306,"column":35}},"118":{"start":{"line":308,"column":4},"end":{"line":308,"column":18}},"119":{"start":{"line":312,"column":4},"end":{"line":314,"column":5}},"120":{"start":{"line":313,"column":6},"end":{"line":313,"column":69}},"121":{"start":{"line":315,"column":4},"end":{"line":317,"column":5}},"122":{"start":{"line":316,"column":6},"end":{"line":316,"column":85}},"123":{"start":{"line":319,"column":4},"end":{"line":319,"column":56}},"124":{"start":{"line":321,"column":4},"end":{"line":321,"column":18}},"125":{"start":{"line":325,"column":0},"end":{"line":325,"column":21}},"126":{"start":{"line":326,"column":0},"end":{"line":335,"column":2}},"127":{"start":{"line":337,"column":0},"end":{"line":337,"column":24}}},"fnMap":{"0":{"name":"(anonymous_0)","decl":{"start":{"line":14,"column":2},"end":{"line":14,"column":3}},"loc":{"start":{"line":14,"column":23},"end":{"line":45,"column":3}},"line":14},"1":{"name":"(anonymous_1)","decl":{"start":{"line":47,"column":2},"end":{"line":47,"column":3}},"loc":{"start":{"line":47,"column":22},"end":{"line":49,"column":3}},"line":47},"2":{"name":"(anonymous_2)","decl":{"start":{"line":51,"column":2},"end":{"line":51,"column":3}},"loc":{"start":{"line":51,"column":21},"end":{"line":53,"column":3}},"line":51},"3":{"name":"(anonymous_3)","decl":{"start":{"line":56,"column":2},"end":{"line":56,"column":3}},"loc":{"start":{"line":56,"column":19},"end":{"line":59,"column":3}},"line":56},"4":{"name":"(anonymous_4)","decl":{"start":{"line":61,"column":2},"end":{"line":61,"column":3}},"loc":{"start":{"line":61,"column":13},"end":{"line":64,"column":3}},"line":61},"5":{"name":"(anonymous_5)","decl":{"start":{"line":66,"column":2},"end":{"line":66,"column":3}},"loc":{"start":{"line":66,"column":19},"end":{"line":69,"column":3}},"line":66},"6":{"name":"(anonymous_6)","decl":{"start":{"line":71,"column":2},"end":{"line":71,"column":3}},"loc":{"start":{"line":71,"column":15},"end":{"line":78,"column":3}},"line":71},"7":{"name":"(anonymous_7)","decl":{"start":{"line":74,"column":28},"end":{"line":74,"column":29}},"loc":{"start":{"line":75,"column":6},"end":{"line":75,"column":37}},"line":75},"8":{"name":"(anonymous_8)","decl":{"start":{"line":80,"column":2},"end":{"line":80,"column":3}},"loc":{"start":{"line":80,"column":23},"end":{"line":86,"column":3}},"line":80},"9":{"name":"(anonymous_9)","decl":{"start":{"line":82,"column":28},"end":{"line":82,"column":29}},"loc":{"start":{"line":83,"column":6},"end":{"line":83,"column":45}},"line":83},"10":{"name":"(anonymous_10)","decl":{"start":{"line":88,"column":2},"end":{"line":88,"column":3}},"loc":{"start":{"line":88,"column":20},"end":{"line":93,"column":3}},"line":88},"11":{"name":"(anonymous_11)","decl":{"start":{"line":89,"column":28},"end":{"line":89,"column":29}},"loc":{"start":{"line":90,"column":6},"end":{"line":90,"column":29}},"line":90},"12":{"name":"(anonymous_12)","decl":{"start":{"line":96,"column":2},"end":{"line":96,"column":3}},"loc":{"start":{"line":96,"column":25},"end":{"line":102,"column":3}},"line":96},"13":{"name":"(anonymous_13)","decl":{"start":{"line":104,"column":2},"end":{"line":104,"column":3}},"loc":{"start":{"line":104,"column":26},"end":{"line":107,"column":3}},"line":104},"14":{"name":"(anonymous_14)","decl":{"start":{"line":109,"column":2},"end":{"line":109,"column":3}},"loc":{"start":{"line":109,"column":20},"end":{"line":112,"column":3}},"line":109},"15":{"name":"(anonymous_15)","decl":{"start":{"line":110,"column":32},"end":{"line":110,"column":33}},"loc":{"start":{"line":111,"column":6},"end":{"line":111,"column":25}},"line":111},"16":{"name":"(anonymous_16)","decl":{"start":{"line":114,"column":2},"end":{"line":114,"column":3}},"loc":{"start":{"line":114,"column":20},"end":{"line":121,"column":3}},"line":114},"17":{"name":"(anonymous_17)","decl":{"start":{"line":118,"column":36},"end":{"line":118,"column":37}},"loc":{"start":{"line":119,"column":8},"end":{"line":119,"column":27}},"line":119},"18":{"name":"(anonymous_18)","decl":{"start":{"line":123,"column":2},"end":{"line":123,"column":3}},"loc":{"start":{"line":123,"column":22},"end":{"line":129,"column":3}},"line":123},"19":{"name":"(anonymous_19)","decl":{"start":{"line":125,"column":28},"end":{"line":125,"column":29}},"loc":{"start":{"line":126,"column":6},"end":{"line":126,"column":37}},"line":126},"20":{"name":"(anonymous_20)","decl":{"start":{"line":131,"column":2},"end":{"line":131,"column":3}},"loc":{"start":{"line":131,"column":20},"end":{"line":137,"column":3}},"line":131},"21":{"name":"(anonymous_21)","decl":{"start":{"line":133,"column":28},"end":{"line":133,"column":29}},"loc":{"start":{"line":134,"column":6},"end":{"line":134,"column":49}},"line":134},"22":{"name":"(anonymous_22)","decl":{"start":{"line":139,"column":2},"end":{"line":139,"column":3}},"loc":{"start":{"line":139,"column":19},"end":{"line":141,"column":3}},"line":139},"23":{"name":"(anonymous_23)","decl":{"start":{"line":143,"column":2},"end":{"line":143,"column":3}},"loc":{"start":{"line":143,"column":42},"end":{"line":178,"column":3}},"line":143},"24":{"name":"(anonymous_24)","decl":{"start":{"line":160,"column":17},"end":{"line":160,"column":18}},"loc":{"start":{"line":160,"column":29},"end":{"line":174,"column":9}},"line":160},"25":{"name":"(anonymous_25)","decl":{"start":{"line":181,"column":2},"end":{"line":181,"column":3}},"loc":{"start":{"line":181,"column":41},"end":{"line":188,"column":3}},"line":181},"26":{"name":"(anonymous_26)","decl":{"start":{"line":190,"column":2},"end":{"line":190,"column":3}},"loc":{"start":{"line":190,"column":43},"end":{"line":197,"column":3}},"line":190},"27":{"name":"(anonymous_27)","decl":{"start":{"line":199,"column":2},"end":{"line":199,"column":3}},"loc":{"start":{"line":199,"column":41},"end":{"line":206,"column":3}},"line":199},"28":{"name":"(anonymous_28)","decl":{"start":{"line":208,"column":2},"end":{"line":208,"column":3}},"loc":{"start":{"line":208,"column":45},"end":{"line":215,"column":3}},"line":208},"29":{"name":"(anonymous_29)","decl":{"start":{"line":217,"column":2},"end":{"line":217,"column":3}},"loc":{"start":{"line":217,"column":44},"end":{"line":224,"column":3}},"line":217},"30":{"name":"(anonymous_30)","decl":{"start":{"line":226,"column":2},"end":{"line":226,"column":3}},"loc":{"start":{"line":226,"column":41},"end":{"line":233,"column":3}},"line":226},"31":{"name":"(anonymous_31)","decl":{"start":{"line":235,"column":2},"end":{"line":235,"column":3}},"loc":{"start":{"line":235,"column":42},"end":{"line":242,"column":3}},"line":235},"32":{"name":"(anonymous_32)","decl":{"start":{"line":244,"column":2},"end":{"line":244,"column":3}},"loc":{"start":{"line":244,"column":40},"end":{"line":251,"column":3}},"line":244},"33":{"name":"(anonymous_33)","decl":{"start":{"line":253,"column":2},"end":{"line":253,"column":3}},"loc":{"start":{"line":253,"column":41},"end":{"line":260,"column":3}},"line":253},"34":{"name":"(anonymous_34)","decl":{"start":{"line":262,"column":2},"end":{"line":262,"column":3}},"loc":{"start":{"line":262,"column":23},"end":{"line":271,"column":3}},"line":262},"35":{"name":"(anonymous_35)","decl":{"start":{"line":273,"column":2},"end":{"line":273,"column":3}},"loc":{"start":{"line":273,"column":42},"end":{"line":283,"column":3}},"line":273},"36":{"name":"(anonymous_36)","decl":{"start":{"line":285,"column":2},"end":{"line":285,"column":3}},"loc":{"start":{"line":288,"column":5},"end":{"line":309,"column":3}},"line":288},"37":{"name":"(anonymous_37)","decl":{"start":{"line":311,"column":2},"end":{"line":311,"column":3}},"loc":{"start":{"line":311,"column":38},"end":{"line":322,"column":3}},"line":311}},"branchMap":{"0":{"loc":{"start":{"line":22,"column":4},"end":{"line":24,"column":5}},"type":"if","locations":[{"start":{"line":22,"column":4},"end":{"line":24,"column":5}},{"start":{"line":22,"column":4},"end":{"line":24,"column":5}}],"line":22},"1":{"loc":{"start":{"line":22,"column":8},"end":{"line":22,"column":44}},"type":"binary-expr","locations":[{"start":{"line":22,"column":8},"end":{"line":22,"column":18}},{"start":{"line":22,"column":22},"end":{"line":22,"column":44}}],"line":22},"2":{"loc":{"start":{"line":47,"column":8},"end":{"line":47,"column":20}},"type":"default-arg","locations":[{"start":{"line":47,"column":18},"end":{"line":47,"column":20}}],"line":47},"3":{"loc":{"start":{"line":51,"column":7},"end":{"line":51,"column":19}},"type":"default-arg","locations":[{"start":{"line":51,"column":17},"end":{"line":51,"column":19}}],"line":51},"4":{"loc":{"start":{"line":72,"column":25},"end":{"line":72,"column":62}},"type":"binary-expr","locations":[{"start":{"line":72,"column":25},"end":{"line":72,"column":44}},{"start":{"line":72,"column":48},"end":{"line":72,"column":62}}],"line":72},"5":{"loc":{"start":{"line":115,"column":4},"end":{"line":120,"column":5}},"type":"if","locations":[{"start":{"line":115,"column":4},"end":{"line":120,"column":5}},{"start":{"line":115,"column":4},"end":{"line":120,"column":5}}],"line":115},"6":{"loc":{"start":{"line":123,"column":8},"end":{"line":123,"column":20}},"type":"default-arg","locations":[{"start":{"line":123,"column":16},"end":{"line":123,"column":20}}],"line":123},"7":{"loc":{"start":{"line":143,"column":15},"end":{"line":143,"column":26}},"type":"default-arg","locations":[{"start":{"line":143,"column":22},"end":{"line":143,"column":26}}],"line":143},"8":{"loc":{"start":{"line":143,"column":28},"end":{"line":143,"column":40}},"type":"default-arg","locations":[{"start":{"line":143,"column":38},"end":{"line":143,"column":40}}],"line":143},"9":{"loc":{"start":{"line":145,"column":13},"end":{"line":145,"column":48}},"type":"binary-expr","locations":[{"start":{"line":145,"column":13},"end":{"line":145,"column":26}},{"start":{"line":145,"column":30},"end":{"line":145,"column":48}}],"line":145},"10":{"loc":{"start":{"line":146,"column":15},"end":{"line":146,"column":54}},"type":"binary-expr","locations":[{"start":{"line":146,"column":15},"end":{"line":146,"column":30}},{"start":{"line":146,"column":34},"end":{"line":146,"column":54}}],"line":146},"11":{"loc":{"start":{"line":147,"column":12},"end":{"line":147,"column":45}},"type":"binary-expr","locations":[{"start":{"line":147,"column":12},"end":{"line":147,"column":24}},{"start":{"line":147,"column":28},"end":{"line":147,"column":45}}],"line":147},"12":{"loc":{"start":{"line":148,"column":12},"end":{"line":148,"column":38}},"type":"binary-expr","locations":[{"start":{"line":148,"column":12},"end":{"line":148,"column":24}},{"start":{"line":148,"column":28},"end":{"line":148,"column":38}}],"line":148},"13":{"loc":{"start":{"line":153,"column":4},"end":{"line":175,"column":5}},"type":"if","locations":[{"start":{"line":153,"column":4},"end":{"line":175,"column":5}},{"start":{"line":153,"column":4},"end":{"line":175,"column":5}}],"line":153},"14":{"loc":{"start":{"line":155,"column":6},"end":{"line":157,"column":7}},"type":"if","locations":[{"start":{"line":155,"column":6},"end":{"line":157,"column":7}},{"start":{"line":155,"column":6},"end":{"line":157,"column":7}}],"line":155},"15":{"loc":{"start":{"line":161,"column":10},"end":{"line":173,"column":11}},"type":"if","locations":[{"start":{"line":161,"column":10},"end":{"line":173,"column":11}},{"start":{"line":161,"column":10},"end":{"line":173,"column":11}}],"line":161},"16":{"loc":{"start":{"line":161,"column":14},"end":{"line":161,"column":65}},"type":"binary-expr","locations":[{"start":{"line":161,"column":14},"end":{"line":161,"column":37}},{"start":{"line":161,"column":41},"end":{"line":161,"column":65}}],"line":161},"17":{"loc":{"start":{"line":163,"column":12},"end":{"line":165,"column":13}},"type":"if","locations":[{"start":{"line":163,"column":12},"end":{"line":165,"column":13}},{"start":{"line":163,"column":12},"end":{"line":165,"column":13}}],"line":163},"18":{"loc":{"start":{"line":167,"column":12},"end":{"line":170,"column":21}},"type":"if","locations":[{"start":{"line":167,"column":12},"end":{"line":170,"column":21}},{"start":{"line":167,"column":12},"end":{"line":170,"column":21}}],"line":167},"19":{"loc":{"start":{"line":168,"column":14},"end":{"line":169,"column":48}},"type":"binary-expr","locations":[{"start":{"line":168,"column":14},"end":{"line":168,"column":45}},{"start":{"line":169,"column":14},"end":{"line":169,"column":48}}],"line":168},"20":{"loc":{"start":{"line":181,"column":17},"end":{"line":181,"column":28}},"type":"default-arg","locations":[{"start":{"line":181,"column":24},"end":{"line":181,"column":28}}],"line":181},"21":{"loc":{"start":{"line":181,"column":30},"end":{"line":181,"column":39}},"type":"default-arg","locations":[{"start":{"line":181,"column":37},"end":{"line":181,"column":39}}],"line":181},"22":{"loc":{"start":{"line":190,"column":19},"end":{"line":190,"column":30}},"type":"default-arg","locations":[{"start":{"line":190,"column":26},"end":{"line":190,"column":30}}],"line":190},"23":{"loc":{"start":{"line":190,"column":32},"end":{"line":190,"column":41}},"type":"default-arg","locations":[{"start":{"line":190,"column":39},"end":{"line":190,"column":41}}],"line":190},"24":{"loc":{"start":{"line":199,"column":17},"end":{"line":199,"column":28}},"type":"default-arg","locations":[{"start":{"line":199,"column":24},"end":{"line":199,"column":28}}],"line":199},"25":{"loc":{"start":{"line":199,"column":30},"end":{"line":199,"column":39}},"type":"default-arg","locations":[{"start":{"line":199,"column":37},"end":{"line":199,"column":39}}],"line":199},"26":{"loc":{"start":{"line":208,"column":21},"end":{"line":208,"column":32}},"type":"default-arg","locations":[{"start":{"line":208,"column":28},"end":{"line":208,"column":32}}],"line":208},"27":{"loc":{"start":{"line":208,"column":34},"end":{"line":208,"column":43}},"type":"default-arg","locations":[{"start":{"line":208,"column":41},"end":{"line":208,"column":43}}],"line":208},"28":{"loc":{"start":{"line":217,"column":20},"end":{"line":217,"column":31}},"type":"default-arg","locations":[{"start":{"line":217,"column":27},"end":{"line":217,"column":31}}],"line":217},"29":{"loc":{"start":{"line":217,"column":33},"end":{"line":217,"column":42}},"type":"default-arg","locations":[{"start":{"line":217,"column":40},"end":{"line":217,"column":42}}],"line":217},"30":{"loc":{"start":{"line":226,"column":17},"end":{"line":226,"column":28}},"type":"default-arg","locations":[{"start":{"line":226,"column":24},"end":{"line":226,"column":28}}],"line":226},"31":{"loc":{"start":{"line":226,"column":30},"end":{"line":226,"column":39}},"type":"default-arg","locations":[{"start":{"line":226,"column":37},"end":{"line":226,"column":39}}],"line":226},"32":{"loc":{"start":{"line":235,"column":18},"end":{"line":235,"column":29}},"type":"default-arg","locations":[{"start":{"line":235,"column":25},"end":{"line":235,"column":29}}],"line":235},"33":{"loc":{"start":{"line":235,"column":31},"end":{"line":235,"column":40}},"type":"default-arg","locations":[{"start":{"line":235,"column":38},"end":{"line":235,"column":40}}],"line":235},"34":{"loc":{"start":{"line":244,"column":16},"end":{"line":244,"column":27}},"type":"default-arg","locations":[{"start":{"line":244,"column":23},"end":{"line":244,"column":27}}],"line":244},"35":{"loc":{"start":{"line":244,"column":29},"end":{"line":244,"column":38}},"type":"default-arg","locations":[{"start":{"line":244,"column":36},"end":{"line":244,"column":38}}],"line":244},"36":{"loc":{"start":{"line":253,"column":17},"end":{"line":253,"column":28}},"type":"default-arg","locations":[{"start":{"line":253,"column":24},"end":{"line":253,"column":28}}],"line":253},"37":{"loc":{"start":{"line":253,"column":30},"end":{"line":253,"column":39}},"type":"default-arg","locations":[{"start":{"line":253,"column":37},"end":{"line":253,"column":39}}],"line":253},"38":{"loc":{"start":{"line":265,"column":6},"end":{"line":267,"column":7}},"type":"if","locations":[{"start":{"line":265,"column":6},"end":{"line":267,"column":7}},{"start":{"line":265,"column":6},"end":{"line":267,"column":7}}],"line":265},"39":{"loc":{"start":{"line":273,"column":13},"end":{"line":273,"column":29}},"type":"default-arg","locations":[{"start":{"line":273,"column":20},"end":{"line":273,"column":29}}],"line":273},"40":{"loc":{"start":{"line":273,"column":31},"end":{"line":273,"column":40}},"type":"default-arg","locations":[{"start":{"line":273,"column":38},"end":{"line":273,"column":40}}],"line":273},"41":{"loc":{"start":{"line":275,"column":4},"end":{"line":282,"column":5}},"type":"if","locations":[{"start":{"line":275,"column":4},"end":{"line":282,"column":5}},{"start":{"line":275,"column":4},"end":{"line":282,"column":5}}],"line":275},"42":{"loc":{"start":{"line":275,"column":8},"end":{"line":275,"column":73}},"type":"binary-expr","locations":[{"start":{"line":275,"column":8},"end":{"line":275,"column":32}},{"start":{"line":275,"column":37},"end":{"line":275,"column":72}}],"line":275},"43":{"loc":{"start":{"line":278,"column":11},"end":{"line":282,"column":5}},"type":"if","locations":[{"start":{"line":278,"column":11},"end":{"line":282,"column":5}},{"start":{"line":278,"column":11},"end":{"line":282,"column":5}}],"line":278},"44":{"loc":{"start":{"line":285,"column":24},"end":{"line":288,"column":3}},"type":"default-arg","locations":[{"start":{"line":285,"column":31},"end":{"line":288,"column":3}}],"line":285},"45":{"loc":{"start":{"line":292,"column":6},"end":{"line":302,"column":7}},"type":"if","locations":[{"start":{"line":292,"column":6},"end":{"line":302,"column":7}},{"start":{"line":292,"column":6},"end":{"line":302,"column":7}}],"line":292},"46":{"loc":{"start":{"line":295,"column":8},"end":{"line":297,"column":9}},"type":"if","locations":[{"start":{"line":295,"column":8},"end":{"line":297,"column":9}},{"start":{"line":295,"column":8},"end":{"line":297,"column":9}}],"line":295},"47":{"loc":{"start":{"line":299,"column":8},"end":{"line":301,"column":9}},"type":"if","locations":[{"start":{"line":299,"column":8},"end":{"line":301,"column":9}},{"start":{"line":299,"column":8},"end":{"line":301,"column":9}}],"line":299},"48":{"loc":{"start":{"line":312,"column":4},"end":{"line":314,"column":5}},"type":"if","locations":[{"start":{"line":312,"column":4},"end":{"line":314,"column":5}},{"start":{"line":312,"column":4},"end":{"line":314,"column":5}}],"line":312},"49":{"loc":{"start":{"line":315,"column":4},"end":{"line":317,"column":5}},"type":"if","locations":[{"start":{"line":315,"column":4},"end":{"line":317,"column":5}},{"start":{"line":315,"column":4},"end":{"line":317,"column":5}}],"line":315},"50":{"loc":{"start":{"line":327,"column":8},"end":{"line":327,"column":56}},"type":"cond-expr","locations":[{"start":{"line":327,"column":22},"end":{"line":327,"column":44}},{"start":{"line":327,"column":47},"end":{"line":327,"column":56}}],"line":327}},"s":{"0":5,"1":5,"2":5,"3":5,"4":5,"5":5,"6":5,"7":8,"8":8,"9":8,"10":8,"11":1,"12":8,"13":8,"14":8,"15":8,"16":8,"17":8,"18":8,"19":8,"20":8,"21":8,"22":8,"23":8,"24":8,"25":8,"26":8,"27":0,"28":0,"29":8,"30":8,"31":8,"32":8,"33":8,"34":8,"35":8,"36":8,"37":8,"38":8,"39":8,"40":8,"41":8,"42":8,"43":0,"44":0,"45":0,"46":0,"47":0,"48":8,"49":8,"50":0,"51":0,"52":0,"53":0,"54":0,"55":0,"56":8,"57":8,"58":8,"59":8,"60":8,"61":8,"62":8,"63":8,"64":0,"65":0,"66":0,"67":0,"68":0,"69":0,"70":0,"71":0,"72":0,"73":0,"74":0,"75":0,"76":0,"77":0,"78":0,"79":0,"80":0,"81":0,"82":0,"83":0,"84":0,"85":0,"86":0,"87":0,"88":0,"89":0,"90":0,"91":0,"92":0,"93":0,"94":0,"95":0,"96":0,"97":0,"98":0,"99":0,"100":0,"101":8,"102":7,"103":7,"104":1,"105":1,"106":0,"107":0,"108":0,"109":0,"110":0,"111":0,"112":0,"113":0,"114":0,"115":0,"116":0,"117":0,"118":0,"119":20,"120":0,"121":20,"122":0,"123":20,"124":20,"125":5,"126":5,"127":5},"f":{"0":8,"1":0,"2":0,"3":8,"4":8,"5":8,"6":8,"7":8,"8":8,"9":8,"10":0,"11":0,"12":0,"13":8,"14":0,"15":0,"16":0,"17":0,"18":8,"19":8,"20":8,"21":8,"22":0,"23":0,"24":0,"25":0,"26":0,"27":0,"28":0,"29":0,"30":0,"31":0,"32":0,"33":0,"34":0,"35":8,"36":0,"37":20},"b":{"0":[1,7],"1":[8,7],"2":[0],"3":[0],"4":[8,7],"5":[0,0],"6":[0],"7":[0],"8":[0],"9":[0,0],"10":[0,0],"11":[0,0],"12":[0,0],"13":[0,0],"14":[0,0],"15":[0,0],"16":[0,0],"17":[0,0],"18":[0,0],"19":[0,0],"20":[0],"21":[0],"22":[0],"23":[0],"24":[0],"25":[0],"26":[0],"27":[0],"28":[0],"29":[0],"30":[0],"31":[0],"32":[0],"33":[0],"34":[0],"35":[0],"36":[0],"37":[0],"38":[0,0],"39":[0],"40":[0],"41":[7,1],"42":[8,7],"43":[1,0],"44":[0],"45":[0,0],"46":[0,0],"47":[0,0],"48":[0,20],"49":[0,20],"50":[5,0]},"_coverageSchema":"332fd63041d2c1bcb487cc26dd0d5f7d97098a6c","hash":"b0674a93c6eeb2963e3ba4f339c79364d2c6d816"}
,"/Users/manolo/Documents/Dev/libs-js/loggin-js-workspace/loggin-js/src/lib/notifier.js": {"path":"/Users/manolo/Documents/Dev/libs-js/loggin-js-workspace/loggin-js/src/lib/notifier.js","statementMap":{"0":{"start":{"line":3,"column":17},"end":{"line":3,"column":38}},"1":{"start":{"line":4,"column":18},"end":{"line":4,"column":40}},"2":{"start":{"line":5,"column":13},"end":{"line":5,"column":30}},"3":{"start":{"line":6,"column":23},"end":{"line":6,"column":40}},"4":{"start":{"line":9,"column":2},"end":{"line":9,"column":61}},"5":{"start":{"line":14,"column":4},"end":{"line":17,"column":5}},"6":{"start":{"line":19,"column":4},"end":{"line":21,"column":5}},"7":{"start":{"line":20,"column":6},"end":{"line":20,"column":120}},"8":{"start":{"line":23,"column":4},"end":{"line":23,"column":51}},"9":{"start":{"line":24,"column":4},"end":{"line":24,"column":27}},"10":{"start":{"line":25,"column":4},"end":{"line":25,"column":58}},"11":{"start":{"line":26,"column":4},"end":{"line":26,"column":39}},"12":{"start":{"line":27,"column":4},"end":{"line":27,"column":51}},"13":{"start":{"line":28,"column":4},"end":{"line":28,"column":43}},"14":{"start":{"line":30,"column":4},"end":{"line":30,"column":20}},"15":{"start":{"line":31,"column":4},"end":{"line":31,"column":23}},"16":{"start":{"line":33,"column":4},"end":{"line":39,"column":5}},"17":{"start":{"line":34,"column":6},"end":{"line":38,"column":9}},"18":{"start":{"line":35,"column":8},"end":{"line":37,"column":9}},"19":{"start":{"line":36,"column":10},"end":{"line":36,"column":115}},"20":{"start":{"line":41,"column":4},"end":{"line":45,"column":5}},"21":{"start":{"line":42,"column":6},"end":{"line":42,"column":33}},"22":{"start":{"line":43,"column":11},"end":{"line":45,"column":5}},"23":{"start":{"line":44,"column":6},"end":{"line":44,"column":45}},"24":{"start":{"line":49,"column":30},"end":{"line":49,"column":42}},"25":{"start":{"line":50,"column":24},"end":{"line":50,"column":47}},"26":{"start":{"line":51,"column":23},"end":{"line":51,"column":76}},"27":{"start":{"line":53,"column":4},"end":{"line":56,"column":35}},"28":{"start":{"line":56,"column":29},"end":{"line":56,"column":33}},"29":{"start":{"line":60,"column":4},"end":{"line":60,"column":35}},"30":{"start":{"line":61,"column":4},"end":{"line":61,"column":16}},"31":{"start":{"line":65,"column":4},"end":{"line":65,"column":45}},"32":{"start":{"line":66,"column":4},"end":{"line":66,"column":16}},"33":{"start":{"line":70,"column":4},"end":{"line":70,"column":54}},"34":{"start":{"line":71,"column":4},"end":{"line":71,"column":16}},"35":{"start":{"line":75,"column":4},"end":{"line":75,"column":29}},"36":{"start":{"line":76,"column":4},"end":{"line":76,"column":16}},"37":{"start":{"line":80,"column":4},"end":{"line":80,"column":36}},"38":{"start":{"line":81,"column":4},"end":{"line":81,"column":16}},"39":{"start":{"line":85,"column":18},"end":{"line":85,"column":34}},"40":{"start":{"line":86,"column":4},"end":{"line":86,"column":38}},"41":{"start":{"line":90,"column":42},"end":{"line":90,"column":54}},"42":{"start":{"line":91,"column":17},"end":{"line":91,"column":59}},"43":{"start":{"line":93,"column":4},"end":{"line":95,"column":5}},"44":{"start":{"line":94,"column":6},"end":{"line":94,"column":39}},"45":{"start":{"line":97,"column":4},"end":{"line":99,"column":5}},"46":{"start":{"line":98,"column":6},"end":{"line":98,"column":21}},"47":{"start":{"line":101,"column":4},"end":{"line":101,"column":29}},"48":{"start":{"line":103,"column":4},"end":{"line":103,"column":16}},"49":{"start":{"line":107,"column":4},"end":{"line":107,"column":11}},"50":{"start":{"line":111,"column":4},"end":{"line":111,"column":73}},"51":{"start":{"line":115,"column":4},"end":{"line":120,"column":5}},"52":{"start":{"line":116,"column":21},"end":{"line":116,"column":45}},"53":{"start":{"line":117,"column":6},"end":{"line":119,"column":7}},"54":{"start":{"line":118,"column":8},"end":{"line":118,"column":24}},"55":{"start":{"line":122,"column":4},"end":{"line":122,"column":28}},"56":{"start":{"line":126,"column":4},"end":{"line":128,"column":5}},"57":{"start":{"line":127,"column":6},"end":{"line":127,"column":19}},"58":{"start":{"line":130,"column":15},"end":{"line":130,"column":37}},"59":{"start":{"line":132,"column":4},"end":{"line":134,"column":5}},"60":{"start":{"line":133,"column":6},"end":{"line":133,"column":194}},"61":{"start":{"line":136,"column":4},"end":{"line":136,"column":26}},"62":{"start":{"line":140,"column":4},"end":{"line":142,"column":5}},"63":{"start":{"line":141,"column":6},"end":{"line":141,"column":69}},"64":{"start":{"line":143,"column":4},"end":{"line":145,"column":5}},"65":{"start":{"line":144,"column":6},"end":{"line":144,"column":83}},"66":{"start":{"line":147,"column":4},"end":{"line":147,"column":54}},"67":{"start":{"line":149,"column":4},"end":{"line":149,"column":20}},"68":{"start":{"line":153,"column":0},"end":{"line":153,"column":25}},"69":{"start":{"line":155,"column":0},"end":{"line":158,"column":2}},"70":{"start":{"line":161,"column":0},"end":{"line":161,"column":26}}},"fnMap":{"0":{"name":"isConstructor","decl":{"start":{"line":8,"column":9},"end":{"line":8,"column":22}},"loc":{"start":{"line":8,"column":28},"end":{"line":10,"column":1}},"line":8},"1":{"name":"(anonymous_1)","decl":{"start":{"line":13,"column":2},"end":{"line":13,"column":3}},"loc":{"start":{"line":13,"column":34},"end":{"line":46,"column":3}},"line":13},"2":{"name":"(anonymous_2)","decl":{"start":{"line":34,"column":28},"end":{"line":34,"column":29}},"loc":{"start":{"line":34,"column":41},"end":{"line":38,"column":7}},"line":34},"3":{"name":"(anonymous_3)","decl":{"start":{"line":48,"column":2},"end":{"line":48,"column":3}},"loc":{"start":{"line":48,"column":17},"end":{"line":57,"column":3}},"line":48},"4":{"name":"(anonymous_4)","decl":{"start":{"line":56,"column":13},"end":{"line":56,"column":14}},"loc":{"start":{"line":56,"column":29},"end":{"line":56,"column":33}},"line":56},"5":{"name":"(anonymous_5)","decl":{"start":{"line":59,"column":2},"end":{"line":59,"column":3}},"loc":{"start":{"line":59,"column":19},"end":{"line":62,"column":3}},"line":59},"6":{"name":"(anonymous_6)","decl":{"start":{"line":64,"column":2},"end":{"line":64,"column":3}},"loc":{"start":{"line":64,"column":15},"end":{"line":67,"column":3}},"line":64},"7":{"name":"(anonymous_7)","decl":{"start":{"line":69,"column":2},"end":{"line":69,"column":3}},"loc":{"start":{"line":69,"column":23},"end":{"line":72,"column":3}},"line":69},"8":{"name":"(anonymous_8)","decl":{"start":{"line":74,"column":2},"end":{"line":74,"column":3}},"loc":{"start":{"line":74,"column":13},"end":{"line":77,"column":3}},"line":74},"9":{"name":"(anonymous_9)","decl":{"start":{"line":79,"column":2},"end":{"line":79,"column":3}},"loc":{"start":{"line":79,"column":20},"end":{"line":82,"column":3}},"line":79},"10":{"name":"(anonymous_10)","decl":{"start":{"line":84,"column":2},"end":{"line":84,"column":3}},"loc":{"start":{"line":84,"column":25},"end":{"line":87,"column":3}},"line":84},"11":{"name":"(anonymous_11)","decl":{"start":{"line":89,"column":2},"end":{"line":89,"column":3}},"loc":{"start":{"line":89,"column":14},"end":{"line":104,"column":3}},"line":89},"12":{"name":"(anonymous_12)","decl":{"start":{"line":106,"column":2},"end":{"line":106,"column":3}},"loc":{"start":{"line":106,"column":14},"end":{"line":108,"column":3}},"line":106},"13":{"name":"(anonymous_13)","decl":{"start":{"line":110,"column":2},"end":{"line":110,"column":3}},"loc":{"start":{"line":110,"column":21},"end":{"line":112,"column":3}},"line":110},"14":{"name":"(anonymous_14)","decl":{"start":{"line":114,"column":2},"end":{"line":114,"column":3}},"loc":{"start":{"line":114,"column":23},"end":{"line":123,"column":3}},"line":114},"15":{"name":"(anonymous_15)","decl":{"start":{"line":125,"column":2},"end":{"line":125,"column":3}},"loc":{"start":{"line":125,"column":31},"end":{"line":137,"column":3}},"line":125},"16":{"name":"(anonymous_16)","decl":{"start":{"line":139,"column":2},"end":{"line":139,"column":3}},"loc":{"start":{"line":139,"column":30},"end":{"line":150,"column":3}},"line":139}},"branchMap":{"0":{"loc":{"start":{"line":9,"column":9},"end":{"line":9,"column":60}},"type":"binary-expr","locations":[{"start":{"line":9,"column":9},"end":{"line":9,"column":24}},{"start":{"line":9,"column":28},"end":{"line":9,"column":60}}],"line":9},"1":{"loc":{"start":{"line":13,"column":14},"end":{"line":13,"column":26}},"type":"default-arg","locations":[{"start":{"line":13,"column":24},"end":{"line":13,"column":26}}],"line":13},"2":{"loc":{"start":{"line":19,"column":4},"end":{"line":21,"column":5}},"type":"if","locations":[{"start":{"line":19,"column":4},"end":{"line":21,"column":5}},{"start":{"line":19,"column":4},"end":{"line":21,"column":5}}],"line":19},"3":{"loc":{"start":{"line":19,"column":8},"end":{"line":19,"column":61}},"type":"binary-expr","locations":[{"start":{"line":19,"column":8},"end":{"line":19,"column":21}},{"start":{"line":19,"column":25},"end":{"line":19,"column":61}}],"line":19},"4":{"loc":{"start":{"line":23,"column":16},"end":{"line":23,"column":50}},"type":"binary-expr","locations":[{"start":{"line":23,"column":16},"end":{"line":23,"column":28}},{"start":{"line":23,"column":32},"end":{"line":23,"column":36}},{"start":{"line":23,"column":40},"end":{"line":23,"column":50}}],"line":23},"5":{"loc":{"start":{"line":33,"column":4},"end":{"line":39,"column":5}},"type":"if","locations":[{"start":{"line":33,"column":4},"end":{"line":39,"column":5}},{"start":{"line":33,"column":4},"end":{"line":39,"column":5}}],"line":33},"6":{"loc":{"start":{"line":35,"column":8},"end":{"line":37,"column":9}},"type":"if","locations":[{"start":{"line":35,"column":8},"end":{"line":37,"column":9}},{"start":{"line":35,"column":8},"end":{"line":37,"column":9}}],"line":35},"7":{"loc":{"start":{"line":41,"column":4},"end":{"line":45,"column":5}},"type":"if","locations":[{"start":{"line":41,"column":4},"end":{"line":45,"column":5}},{"start":{"line":41,"column":4},"end":{"line":45,"column":5}}],"line":41},"8":{"loc":{"start":{"line":43,"column":11},"end":{"line":45,"column":5}},"type":"if","locations":[{"start":{"line":43,"column":11},"end":{"line":45,"column":5}},{"start":{"line":43,"column":11},"end":{"line":45,"column":5}}],"line":43},"9":{"loc":{"start":{"line":51,"column":23},"end":{"line":51,"column":76}},"type":"binary-expr","locations":[{"start":{"line":51,"column":23},"end":{"line":51,"column":29}},{"start":{"line":51,"column":33},"end":{"line":51,"column":61}},{"start":{"line":51,"column":65},"end":{"line":51,"column":76}}],"line":51},"10":{"loc":{"start":{"line":93,"column":4},"end":{"line":95,"column":5}},"type":"if","locations":[{"start":{"line":93,"column":4},"end":{"line":95,"column":5}},{"start":{"line":93,"column":4},"end":{"line":95,"column":5}}],"line":93},"11":{"loc":{"start":{"line":97,"column":4},"end":{"line":99,"column":5}},"type":"if","locations":[{"start":{"line":97,"column":4},"end":{"line":99,"column":5}},{"start":{"line":97,"column":4},"end":{"line":99,"column":5}}],"line":97},"12":{"loc":{"start":{"line":117,"column":6},"end":{"line":119,"column":7}},"type":"if","locations":[{"start":{"line":117,"column":6},"end":{"line":119,"column":7}},{"start":{"line":117,"column":6},"end":{"line":119,"column":7}}],"line":117},"13":{"loc":{"start":{"line":125,"column":20},"end":{"line":125,"column":29}},"type":"default-arg","locations":[{"start":{"line":125,"column":27},"end":{"line":125,"column":29}}],"line":125},"14":{"loc":{"start":{"line":126,"column":4},"end":{"line":128,"column":5}},"type":"if","locations":[{"start":{"line":126,"column":4},"end":{"line":128,"column":5}},{"start":{"line":126,"column":4},"end":{"line":128,"column":5}}],"line":126},"15":{"loc":{"start":{"line":126,"column":8},"end":{"line":126,"column":54}},"type":"binary-expr","locations":[{"start":{"line":126,"column":8},"end":{"line":126,"column":13}},{"start":{"line":126,"column":17},"end":{"line":126,"column":54}}],"line":126},"16":{"loc":{"start":{"line":132,"column":4},"end":{"line":134,"column":5}},"type":"if","locations":[{"start":{"line":132,"column":4},"end":{"line":134,"column":5}},{"start":{"line":132,"column":4},"end":{"line":134,"column":5}}],"line":132},"17":{"loc":{"start":{"line":140,"column":4},"end":{"line":142,"column":5}},"type":"if","locations":[{"start":{"line":140,"column":4},"end":{"line":142,"column":5}},{"start":{"line":140,"column":4},"end":{"line":142,"column":5}}],"line":140},"18":{"loc":{"start":{"line":143,"column":4},"end":{"line":145,"column":5}},"type":"if","locations":[{"start":{"line":143,"column":4},"end":{"line":145,"column":5}},{"start":{"line":143,"column":4},"end":{"line":145,"column":5}}],"line":143}},"s":{"0":5,"1":5,"2":5,"3":5,"4":15,"5":21,"6":21,"7":1,"8":20,"9":20,"10":20,"11":20,"12":20,"13":20,"14":20,"15":20,"16":20,"17":1,"18":1,"19":0,"20":20,"21":19,"22":1,"23":1,"24":0,"25":0,"26":0,"27":0,"28":0,"29":2,"30":2,"31":9,"32":9,"33":28,"34":28,"35":8,"36":8,"37":8,"38":8,"39":1,"40":1,"41":0,"42":0,"43":0,"44":0,"45":0,"46":0,"47":0,"48":0,"49":0,"50":0,"51":15,"52":54,"53":54,"54":3,"55":12,"56":15,"57":0,"58":15,"59":15,"60":0,"61":15,"62":20,"63":0,"64":20,"65":0,"66":20,"67":20,"68":5,"69":5,"70":5},"f":{"0":15,"1":21,"2":1,"3":0,"4":0,"5":2,"6":9,"7":28,"8":8,"9":8,"10":1,"11":0,"12":0,"13":0,"14":15,"15":15,"16":20},"b":{"0":[15,15],"1":[3],"2":[1,20],"3":[21,3],"4":[20,20,3],"5":[1,19],"6":[0,1],"7":[19,1],"8":[1,0],"9":[0,0,0],"10":[0,0],"11":[0,0],"12":[3,51],"13":[1],"14":[0,15],"15":[15,15],"16":[0,15],"17":[0,20],"18":[0,20]},"_coverageSchema":"332fd63041d2c1bcb487cc26dd0d5f7d97098a6c","hash":"10d154f81d62dc31e0baa606fc7fe4b1bb5d4434"}
,"/Users/manolo/Documents/Dev/libs-js/loggin-js-workspace/loggin-js/src/lib/pipe.js": {"path":"/Users/manolo/Documents/Dev/libs-js/loggin-js-workspace/loggin-js/src/lib/pipe.js","statementMap":{"0":{"start":{"line":4,"column":4},"end":{"line":4,"column":29}},"1":{"start":{"line":5,"column":4},"end":{"line":5,"column":29}},"2":{"start":{"line":14,"column":4},"end":{"line":14,"column":41}},"3":{"start":{"line":18,"column":0},"end":{"line":18,"column":22}}},"fnMap":{"0":{"name":"(anonymous_0)","decl":{"start":{"line":3,"column":2},"end":{"line":3,"column":3}},"loc":{"start":{"line":3,"column":34},"end":{"line":6,"column":3}},"line":3},"1":{"name":"(anonymous_1)","decl":{"start":{"line":13,"column":2},"end":{"line":13,"column":3}},"loc":{"start":{"line":13,"column":21},"end":{"line":15,"column":3}},"line":13}},"branchMap":{},"s":{"0":1,"1":1,"2":1,"3":5},"f":{"0":1,"1":1},"b":{},"_coverageSchema":"332fd63041d2c1bcb487cc26dd0d5f7d97098a6c","hash":"91c29acba7cbe4db66d456ec16c75c8fcc54b74f"}
,"/Users/manolo/Documents/Dev/libs-js/loggin-js-workspace/loggin-js/src/lib/severity.js": {"path":"/Users/manolo/Documents/Dev/libs-js/loggin-js-workspace/loggin-js/src/lib/severity.js","statementMap":{"0":{"start":{"line":4,"column":4},"end":{"line":4,"column":23}},"1":{"start":{"line":5,"column":4},"end":{"line":5,"column":21}},"2":{"start":{"line":6,"column":4},"end":{"line":6,"column":38}},"3":{"start":{"line":10,"column":4},"end":{"line":10,"column":40}},"4":{"start":{"line":14,"column":4},"end":{"line":14,"column":32}},"5":{"start":{"line":18,"column":4},"end":{"line":18,"column":42}},"6":{"start":{"line":22,"column":4},"end":{"line":22,"column":22}},"7":{"start":{"line":26,"column":4},"end":{"line":26,"column":24}},"8":{"start":{"line":30,"column":4},"end":{"line":35,"column":5}},"9":{"start":{"line":31,"column":21},"end":{"line":31,"column":46}},"10":{"start":{"line":32,"column":6},"end":{"line":34,"column":7}},"11":{"start":{"line":33,"column":8},"end":{"line":33,"column":24}},"12":{"start":{"line":37,"column":4},"end":{"line":37,"column":16}},"13":{"start":{"line":41,"column":4},"end":{"line":43,"column":5}},"14":{"start":{"line":42,"column":6},"end":{"line":42,"column":19}},"15":{"start":{"line":45,"column":4},"end":{"line":45,"column":34}},"16":{"start":{"line":49,"column":4},"end":{"line":51,"column":5}},"17":{"start":{"line":50,"column":6},"end":{"line":50,"column":69}},"18":{"start":{"line":52,"column":4},"end":{"line":52,"column":76}},"19":{"start":{"line":54,"column":4},"end":{"line":54,"column":20}},"20":{"start":{"line":58,"column":0},"end":{"line":58,"column":26}},"21":{"start":{"line":60,"column":0},"end":{"line":60,"column":26}}},"fnMap":{"0":{"name":"(anonymous_0)","decl":{"start":{"line":3,"column":2},"end":{"line":3,"column":3}},"loc":{"start":{"line":3,"column":27},"end":{"line":7,"column":3}},"line":3},"1":{"name":"(anonymous_1)","decl":{"start":{"line":9,"column":2},"end":{"line":9,"column":3}},"loc":{"start":{"line":9,"column":19},"end":{"line":11,"column":3}},"line":9},"2":{"name":"(anonymous_2)","decl":{"start":{"line":13,"column":2},"end":{"line":13,"column":3}},"loc":{"start":{"line":13,"column":24},"end":{"line":15,"column":3}},"line":13},"3":{"name":"(anonymous_3)","decl":{"start":{"line":17,"column":2},"end":{"line":17,"column":3}},"loc":{"start":{"line":17,"column":13},"end":{"line":19,"column":3}},"line":17},"4":{"name":"(anonymous_4)","decl":{"start":{"line":21,"column":2},"end":{"line":21,"column":3}},"loc":{"start":{"line":21,"column":10},"end":{"line":23,"column":3}},"line":21},"5":{"name":"(anonymous_5)","decl":{"start":{"line":25,"column":2},"end":{"line":25,"column":3}},"loc":{"start":{"line":25,"column":12},"end":{"line":27,"column":3}},"line":25},"6":{"name":"(anonymous_6)","decl":{"start":{"line":29,"column":2},"end":{"line":29,"column":3}},"loc":{"start":{"line":29,"column":23},"end":{"line":38,"column":3}},"line":29},"7":{"name":"(anonymous_7)","decl":{"start":{"line":40,"column":2},"end":{"line":40,"column":3}},"loc":{"start":{"line":40,"column":20},"end":{"line":46,"column":3}},"line":40},"8":{"name":"(anonymous_8)","decl":{"start":{"line":48,"column":2},"end":{"line":48,"column":3}},"loc":{"start":{"line":48,"column":31},"end":{"line":55,"column":3}},"line":48}},"branchMap":{"0":{"loc":{"start":{"line":32,"column":6},"end":{"line":34,"column":7}},"type":"if","locations":[{"start":{"line":32,"column":6},"end":{"line":34,"column":7}},{"start":{"line":32,"column":6},"end":{"line":34,"column":7}}],"line":32},"1":{"loc":{"start":{"line":32,"column":10},"end":{"line":32,"column":99}},"type":"binary-expr","locations":[{"start":{"line":32,"column":10},"end":{"line":32,"column":34}},{"start":{"line":32,"column":38},"end":{"line":32,"column":99}}],"line":32},"2":{"loc":{"start":{"line":41,"column":4},"end":{"line":43,"column":5}},"type":"if","locations":[{"start":{"line":41,"column":4},"end":{"line":43,"column":5}},{"start":{"line":41,"column":4},"end":{"line":43,"column":5}}],"line":41},"3":{"loc":{"start":{"line":41,"column":8},"end":{"line":41,"column":54}},"type":"binary-expr","locations":[{"start":{"line":41,"column":8},"end":{"line":41,"column":13}},{"start":{"line":41,"column":17},"end":{"line":41,"column":54}}],"line":41},"4":{"loc":{"start":{"line":49,"column":4},"end":{"line":51,"column":5}},"type":"if","locations":[{"start":{"line":49,"column":4},"end":{"line":51,"column":5}},{"start":{"line":49,"column":4},"end":{"line":51,"column":5}}],"line":49}},"s":{"0":45,"1":45,"2":45,"3":1,"4":0,"5":2,"6":0,"7":0,"8":35,"9":305,"10":305,"11":10,"12":25,"13":46,"14":11,"15":35,"16":45,"17":0,"18":45,"19":45,"20":5,"21":5},"f":{"0":45,"1":1,"2":0,"3":2,"4":0,"5":0,"6":35,"7":46,"8":45},"b":{"0":[10,295],"1":[305,305],"2":[11,35],"3":[46,21],"4":[0,45]},"_coverageSchema":"332fd63041d2c1bcb487cc26dd0d5f7d97098a6c","hash":"0d5ca941743c81b84a6eb73dd8982b958d78ac5b"}
,"/Users/manolo/Documents/Dev/libs-js/loggin-js-workspace/loggin-js/src/lib/util.js": {"path":"/Users/manolo/Documents/Dev/libs-js/loggin-js-workspace/loggin-js/src/lib/util.js","statementMap":{"0":{"start":{"line":2,"column":4},"end":{"line":2,"column":42}},"1":{"start":{"line":5,"column":0},"end":{"line":5,"column":39}}},"fnMap":{"0":{"name":"isFunction","decl":{"start":{"line":1,"column":9},"end":{"line":1,"column":19}},"loc":{"start":{"line":1,"column":25},"end":{"line":3,"column":1}},"line":1}},"branchMap":{"0":{"loc":{"start":{"line":2,"column":11},"end":{"line":2,"column":41}},"type":"binary-expr","locations":[{"start":{"line":2,"column":11},"end":{"line":2,"column":14}},{"start":{"line":2,"column":18},"end":{"line":2,"column":41}}],"line":2}},"s":{"0":0,"1":5},"f":{"0":0},"b":{"0":[0,0]},"_coverageSchema":"332fd63041d2c1bcb487cc26dd0d5f7d97098a6c","hash":"7930264d9bab925897832dbc63e34a4e9460e111"}
}
