TN:
SF:/Users/manolo/Documents/Dev/libs-js/loggin-js-workspace/loggin-js/src/lib/formatter.js
FN:5,(anonymous_0)
FN:8,(anonymous_1)
FN:9,(anonymous_2)
FN:10,(anonymous_3)
FN:11,(anonymous_4)
FN:12,(anonymous_5)
FN:13,(anonymous_6)
FN:14,(anonymous_7)
FN:15,(anonymous_8)
FN:16,(anonymous_9)
FN:17,(anonymous_10)
FN:18,(anonymous_11)
FN:22,(anonymous_12)
FN:23,(anonymous_13)
FN:24,(anonymous_14)
FN:25,(anonymous_15)
FN:26,(anonymous_16)
FN:27,(anonymous_17)
FN:28,(anonymous_18)
FN:29,(anonymous_19)
FN:30,(anonymous_20)
FN:31,(anonymous_21)
FN:32,(anonymous_22)
FN:65,(anonymous_23)
FN:66,(anonymous_24)
FN:67,(anonymous_25)
FN:68,(anonymous_26)
FN:69,(anonymous_27)
FN:70,(anonymous_28)
FN:71,(anonymous_29)
FN:78,(anonymous_30)
FN:82,(anonymous_31)
FN:84,(anonymous_32)
FN:89,(anonymous_33)
FN:111,(anonymous_34)
FN:122,(anonymous_35)
FN:133,(anonymous_36)
FN:141,(anonymous_37)
FN:164,(anonymous_38)
FN:168,(anonymous_39)
FN:172,(anonymous_40)
FN:176,(anonymous_41)
FN:180,(anonymous_42)
FN:184,(anonymous_43)
FN:188,(anonymous_44)
FN:192,(anonymous_45)
FN:196,(anonymous_46)
FN:200,(anonymous_47)
FNF:48
FNH:4
FNDA:0,(anonymous_0)
FNDA:0,(anonymous_1)
FNDA:0,(anonymous_2)
FNDA:0,(anonymous_3)
FNDA:0,(anonymous_4)
FNDA:0,(anonymous_5)
FNDA:0,(anonymous_6)
FNDA:0,(anonymous_7)
FNDA:0,(anonymous_8)
FNDA:0,(anonymous_9)
FNDA:0,(anonymous_10)
FNDA:0,(anonymous_11)
FNDA:0,(anonymous_12)
FNDA:0,(anonymous_13)
FNDA:0,(anonymous_14)
FNDA:0,(anonymous_15)
FNDA:0,(anonymous_16)
FNDA:0,(anonymous_17)
FNDA:0,(anonymous_18)
FNDA:0,(anonymous_19)
FNDA:0,(anonymous_20)
FNDA:0,(anonymous_21)
FNDA:0,(anonymous_22)
FNDA:0,(anonymous_23)
FNDA:0,(anonymous_24)
FNDA:0,(anonymous_25)
FNDA:0,(anonymous_26)
FNDA:0,(anonymous_27)
FNDA:0,(anonymous_28)
FNDA:0,(anonymous_29)
FNDA:25,(anonymous_30)
FNDA:0,(anonymous_31)
FNDA:0,(anonymous_32)
FNDA:0,(anonymous_33)
FNDA:0,(anonymous_34)
FNDA:36,(anonymous_35)
FNDA:36,(anonymous_36)
FNDA:25,(anonymous_37)
FNDA:0,(anonymous_38)
FNDA:0,(anonymous_39)
FNDA:0,(anonymous_40)
FNDA:0,(anonymous_41)
FNDA:0,(anonymous_42)
FNDA:0,(anonymous_43)
FNDA:0,(anonymous_44)
FNDA:0,(anonymous_45)
FNDA:0,(anonymous_46)
FNDA:0,(anonymous_47)
DA:2,5
DA:3,5
DA:5,5
DA:7,5
DA:8,0
DA:9,0
DA:10,0
DA:11,0
DA:12,0
DA:13,0
DA:14,0
DA:15,0
DA:16,0
DA:17,0
DA:18,0
DA:21,5
DA:22,0
DA:23,0
DA:24,0
DA:25,0
DA:26,0
DA:27,0
DA:28,0
DA:29,0
DA:30,0
DA:31,0
DA:32,0
DA:35,5
DA:63,5
DA:65,0
DA:66,0
DA:67,0
DA:68,0
DA:69,0
DA:70,0
DA:71,0
DA:79,25
DA:83,0
DA:84,0
DA:86,0
DA:98,0
DA:100,0
DA:112,0
DA:113,0
DA:114,0
DA:117,0
DA:123,36
DA:124,165
DA:125,165
DA:126,21
DA:130,15
DA:134,36
DA:135,0
DA:138,36
DA:142,25
DA:143,0
DA:145,25
DA:146,0
DA:149,25
DA:151,25
DA:154,25
DA:161,5
DA:164,0
DA:168,0
DA:172,0
DA:176,0
DA:180,0
DA:184,0
DA:188,0
DA:192,0
DA:196,0
DA:200,0
DA:204,5
DA:206,5
LF:74
LH:23
BRDA:65,0,0,0
BRDA:65,0,1,0
BRDA:66,1,0,0
BRDA:66,1,1,0
BRDA:67,2,0,0
BRDA:67,2,1,0
BRDA:68,3,0,0
BRDA:68,3,1,0
BRDA:69,4,0,0
BRDA:69,4,1,0
BRDA:70,5,0,0
BRDA:70,5,1,0
BRDA:71,6,0,0
BRDA:71,6,1,0
BRDA:89,7,0,0
BRDA:111,8,0,0
BRDA:113,9,0,0
BRDA:113,9,1,0
BRDA:118,10,0,0
BRDA:118,10,1,0
BRDA:125,11,0,21
BRDA:125,11,1,144
BRDA:134,12,0,0
BRDA:134,12,1,36
BRDA:134,13,0,36
BRDA:134,13,1,28
BRDA:141,14,0,0
BRDA:142,15,0,0
BRDA:142,15,1,25
BRDA:145,16,0,0
BRDA:145,16,1,25
BRF:31
BRH:7
end_of_record
TN:
SF:/Users/manolo/Documents/Dev/libs-js/loggin-js-workspace/loggin-js/src/lib/index.js
FN:10,logger
FN:14,notifier
FN:18,formatter
FN:22,severity
FN:26,merge
FN:30,pipe
FN:34,use
FNF:7
FNH:6
FNDA:8,logger
FNDA:7,notifier
FNDA:3,formatter
FNDA:9,severity
FNDA:0,merge
FNDA:1,pipe
FNDA:20,use
DA:3,5
DA:4,5
DA:5,5
DA:6,5
DA:7,5
DA:8,5
DA:11,8
DA:15,7
DA:19,3
DA:23,9
DA:27,0
DA:31,1
DA:35,20
DA:36,0
DA:40,20
DA:44,5
DA:61,5
LF:17
LH:15
BRDA:10,0,0,1
BRDA:10,1,0,8
BRDA:14,2,0,1
BRDA:14,3,0,5
BRDA:18,4,0,1
BRDA:35,5,0,0
BRDA:35,5,1,20
BRF:7
BRH:6
end_of_record
TN:
SF:/Users/manolo/Documents/Dev/libs-js/loggin-js-workspace/loggin-js/src/lib/log.js
FN:10,(anonymous_0)
FN:24,(anonymous_1)
FN:48,(anonymous_2)
FNF:3
FNH:1
FNDA:2,(anonymous_0)
FNDA:0,(anonymous_1)
FNDA:0,(anonymous_2)
DA:2,5
DA:3,5
DA:11,2
DA:12,2
DA:13,2
DA:14,2
DA:15,2
DA:16,2
DA:17,2
DA:35,0
DA:37,0
DA:49,0
DA:53,5
LF:13
LH:10
BRDA:10,0,0,0
BRDA:10,1,0,0
BRDA:10,2,0,2
BRDA:10,3,0,2
BRDA:16,4,0,2
BRDA:16,4,1,0
BRDA:24,5,0,0
BRF:7
BRH:3
end_of_record
TN:
SF:/Users/manolo/Documents/Dev/libs-js/loggin-js-workspace/loggin-js/src/lib/logger.js
FN:14,(anonymous_0)
FN:47,(anonymous_1)
FN:51,(anonymous_2)
FN:56,(anonymous_3)
FN:61,(anonymous_4)
FN:66,(anonymous_5)
FN:71,(anonymous_6)
FN:74,(anonymous_7)
FN:80,(anonymous_8)
FN:82,(anonymous_9)
FN:88,(anonymous_10)
FN:89,(anonymous_11)
FN:96,(anonymous_12)
FN:104,(anonymous_13)
FN:109,(anonymous_14)
FN:110,(anonymous_15)
FN:114,(anonymous_16)
FN:118,(anonymous_17)
FN:123,(anonymous_18)
FN:125,(anonymous_19)
FN:131,(anonymous_20)
FN:133,(anonymous_21)
FN:139,(anonymous_22)
FN:143,(anonymous_23)
FN:160,(anonymous_24)
FN:181,(anonymous_25)
FN:190,(anonymous_26)
FN:199,(anonymous_27)
FN:208,(anonymous_28)
FN:217,(anonymous_29)
FN:226,(anonymous_30)
FN:235,(anonymous_31)
FN:244,(anonymous_32)
FN:253,(anonymous_33)
FN:262,(anonymous_34)
FN:273,(anonymous_35)
FN:285,(anonymous_36)
FN:311,(anonymous_37)
FNF:38
FNH:15
FNDA:8,(anonymous_0)
FNDA:0,(anonymous_1)
FNDA:0,(anonymous_2)
FNDA:8,(anonymous_3)
FNDA:8,(anonymous_4)
FNDA:8,(anonymous_5)
FNDA:8,(anonymous_6)
FNDA:8,(anonymous_7)
FNDA:8,(anonymous_8)
FNDA:8,(anonymous_9)
FNDA:0,(anonymous_10)
FNDA:0,(anonymous_11)
FNDA:0,(anonymous_12)
FNDA:8,(anonymous_13)
FNDA:0,(anonymous_14)
FNDA:0,(anonymous_15)
FNDA:0,(anonymous_16)
FNDA:0,(anonymous_17)
FNDA:8,(anonymous_18)
FNDA:8,(anonymous_19)
FNDA:8,(anonymous_20)
FNDA:8,(anonymous_21)
FNDA:0,(anonymous_22)
FNDA:0,(anonymous_23)
FNDA:0,(anonymous_24)
FNDA:0,(anonymous_25)
FNDA:0,(anonymous_26)
FNDA:0,(anonymous_27)
FNDA:0,(anonymous_28)
FNDA:0,(anonymous_29)
FNDA:0,(anonymous_30)
FNDA:0,(anonymous_31)
FNDA:0,(anonymous_32)
FNDA:0,(anonymous_33)
FNDA:0,(anonymous_34)
FNDA:8,(anonymous_35)
FNDA:0,(anonymous_36)
FNDA:20,(anonymous_37)
DA:3,5
DA:4,5
DA:6,5
DA:7,5
DA:8,5
DA:9,5
DA:10,5
DA:15,8
DA:20,8
DA:21,8
DA:22,8
DA:23,1
DA:26,8
DA:27,8
DA:28,8
DA:29,8
DA:30,8
DA:31,8
DA:32,8
DA:36,8
DA:38,8
DA:39,8
DA:40,8
DA:41,8
DA:42,8
DA:43,8
DA:44,8
DA:48,0
DA:52,0
DA:57,8
DA:58,8
DA:62,8
DA:63,8
DA:67,8
DA:68,8
DA:72,8
DA:74,8
DA:75,8
DA:77,8
DA:81,8
DA:82,8
DA:83,8
DA:85,8
DA:89,0
DA:90,0
DA:92,0
DA:97,0
DA:101,0
DA:105,8
DA:106,8
DA:110,0
DA:111,0
DA:115,0
DA:116,0
DA:118,0
DA:119,0
DA:124,8
DA:125,8
DA:126,8
DA:128,8
DA:132,8
DA:133,8
DA:134,8
DA:136,8
DA:140,0
DA:144,0
DA:153,0
DA:154,0
DA:155,0
DA:156,0
DA:159,0
DA:161,0
DA:163,0
DA:164,0
DA:167,0
DA:170,0
DA:172,0
DA:177,0
DA:182,0
DA:187,0
DA:191,0
DA:196,0
DA:200,0
DA:205,0
DA:209,0
DA:214,0
DA:218,0
DA:223,0
DA:227,0
DA:232,0
DA:236,0
DA:241,0
DA:245,0
DA:250,0
DA:254,0
DA:259,0
DA:263,0
DA:264,0
DA:265,0
DA:266,0
DA:270,0
DA:275,8
DA:276,7
DA:277,7
DA:278,1
DA:279,1
DA:281,0
DA:289,0
DA:290,0
DA:291,0
DA:292,0
DA:293,0
DA:295,0
DA:296,0
DA:299,0
DA:300,0
DA:305,0
DA:306,0
DA:308,0
DA:312,20
DA:313,0
DA:315,20
DA:316,0
DA:319,20
DA:321,20
DA:325,5
DA:326,5
DA:337,5
LF:128
LH:63
BRDA:22,0,0,1
BRDA:22,0,1,7
BRDA:22,1,0,8
BRDA:22,1,1,7
BRDA:47,2,0,0
BRDA:51,3,0,0
BRDA:72,4,0,8
BRDA:72,4,1,7
BRDA:115,5,0,0
BRDA:115,5,1,0
BRDA:123,6,0,0
BRDA:143,7,0,0
BRDA:143,8,0,0
BRDA:145,9,0,0
BRDA:145,9,1,0
BRDA:146,10,0,0
BRDA:146,10,1,0
BRDA:147,11,0,0
BRDA:147,11,1,0
BRDA:148,12,0,0
BRDA:148,12,1,0
BRDA:153,13,0,0
BRDA:153,13,1,0
BRDA:155,14,0,0
BRDA:155,14,1,0
BRDA:161,15,0,0
BRDA:161,15,1,0
BRDA:161,16,0,0
BRDA:161,16,1,0
BRDA:163,17,0,0
BRDA:163,17,1,0
BRDA:167,18,0,0
BRDA:167,18,1,0
BRDA:168,19,0,0
BRDA:168,19,1,0
BRDA:181,20,0,0
BRDA:181,21,0,0
BRDA:190,22,0,0
BRDA:190,23,0,0
BRDA:199,24,0,0
BRDA:199,25,0,0
BRDA:208,26,0,0
BRDA:208,27,0,0
BRDA:217,28,0,0
BRDA:217,29,0,0
BRDA:226,30,0,0
BRDA:226,31,0,0
BRDA:235,32,0,0
BRDA:235,33,0,0
BRDA:244,34,0,0
BRDA:244,35,0,0
BRDA:253,36,0,0
BRDA:253,37,0,0
BRDA:265,38,0,0
BRDA:265,38,1,0
BRDA:273,39,0,0
BRDA:273,40,0,0
BRDA:275,41,0,7
BRDA:275,41,1,1
BRDA:275,42,0,8
BRDA:275,42,1,7
BRDA:278,43,0,1
BRDA:278,43,1,0
BRDA:285,44,0,0
BRDA:292,45,0,0
BRDA:292,45,1,0
BRDA:295,46,0,0
BRDA:295,46,1,0
BRDA:299,47,0,0
BRDA:299,47,1,0
BRDA:312,48,0,0
BRDA:312,48,1,20
BRDA:315,49,0,0
BRDA:315,49,1,20
BRDA:327,50,0,5
BRDA:327,50,1,0
BRF:76
BRH:14
end_of_record
TN:
SF:/Users/manolo/Documents/Dev/libs-js/loggin-js-workspace/loggin-js/src/lib/notifier.js
FN:8,isConstructor
FN:13,(anonymous_1)
FN:34,(anonymous_2)
FN:48,(anonymous_3)
FN:56,(anonymous_4)
FN:59,(anonymous_5)
FN:64,(anonymous_6)
FN:69,(anonymous_7)
FN:74,(anonymous_8)
FN:79,(anonymous_9)
FN:84,(anonymous_10)
FN:89,(anonymous_11)
FN:106,(anonymous_12)
FN:110,(anonymous_13)
FN:114,(anonymous_14)
FN:125,(anonymous_15)
FN:139,(anonymous_16)
FNF:17
FNH:12
FNDA:15,isConstructor
FNDA:21,(anonymous_1)
FNDA:1,(anonymous_2)
FNDA:0,(anonymous_3)
FNDA:0,(anonymous_4)
FNDA:2,(anonymous_5)
FNDA:9,(anonymous_6)
FNDA:28,(anonymous_7)
FNDA:8,(anonymous_8)
FNDA:8,(anonymous_9)
FNDA:1,(anonymous_10)
FNDA:0,(anonymous_11)
FNDA:0,(anonymous_12)
FNDA:0,(anonymous_13)
FNDA:15,(anonymous_14)
FNDA:15,(anonymous_15)
FNDA:20,(anonymous_16)
DA:3,5
DA:4,5
DA:5,5
DA:6,5
DA:9,15
DA:14,21
DA:19,21
DA:20,1
DA:23,20
DA:24,20
DA:25,20
DA:26,20
DA:27,20
DA:28,20
DA:30,20
DA:31,20
DA:33,20
DA:34,1
DA:35,1
DA:36,0
DA:41,20
DA:42,19
DA:43,1
DA:44,1
DA:49,0
DA:50,0
DA:51,0
DA:53,0
DA:56,0
DA:60,2
DA:61,2
DA:65,9
DA:66,9
DA:70,28
DA:71,28
DA:75,8
DA:76,8
DA:80,8
DA:81,8
DA:85,1
DA:86,1
DA:90,0
DA:91,0
DA:93,0
DA:94,0
DA:97,0
DA:98,0
DA:101,0
DA:103,0
DA:107,0
DA:111,0
DA:115,15
DA:116,54
DA:117,54
DA:118,3
DA:122,12
DA:126,15
DA:127,0
DA:130,15
DA:132,15
DA:133,0
DA:136,15
DA:140,20
DA:141,0
DA:143,20
DA:144,0
DA:147,20
DA:149,20
DA:153,5
DA:155,5
DA:161,5
LF:71
LH:51
BRDA:9,0,0,15
BRDA:9,0,1,15
BRDA:13,1,0,3
BRDA:19,2,0,1
BRDA:19,2,1,20
BRDA:19,3,0,21
BRDA:19,3,1,3
BRDA:23,4,0,20
BRDA:23,4,1,20
BRDA:23,4,2,3
BRDA:33,5,0,1
BRDA:33,5,1,19
BRDA:35,6,0,0
BRDA:35,6,1,1
BRDA:41,7,0,19
BRDA:41,7,1,1
BRDA:43,8,0,1
BRDA:43,8,1,0
BRDA:51,9,0,0
BRDA:51,9,1,0
BRDA:51,9,2,0
BRDA:93,10,0,0
BRDA:93,10,1,0
BRDA:97,11,0,0
BRDA:97,11,1,0
BRDA:117,12,0,3
BRDA:117,12,1,51
BRDA:125,13,0,1
BRDA:126,14,0,0
BRDA:126,14,1,15
BRDA:126,15,0,15
BRDA:126,15,1,15
BRDA:132,16,0,0
BRDA:132,16,1,15
BRDA:140,17,0,0
BRDA:140,17,1,20
BRDA:143,18,0,0
BRDA:143,18,1,20
BRF:38
BRH:25
end_of_record
TN:
SF:/Users/manolo/Documents/Dev/libs-js/loggin-js-workspace/loggin-js/src/lib/pipe.js
FN:3,(anonymous_0)
FN:13,(anonymous_1)
FNF:2
FNH:2
FNDA:1,(anonymous_0)
FNDA:1,(anonymous_1)
DA:4,1
DA:5,1
DA:14,1
DA:18,5
LF:4
LH:4
BRF:0
BRH:0
end_of_record
TN:
SF:/Users/manolo/Documents/Dev/libs-js/loggin-js-workspace/loggin-js/src/lib/severity.js
FN:3,(anonymous_0)
FN:9,(anonymous_1)
FN:13,(anonymous_2)
FN:17,(anonymous_3)
FN:21,(anonymous_4)
FN:25,(anonymous_5)
FN:29,(anonymous_6)
FN:40,(anonymous_7)
FN:48,(anonymous_8)
FNF:9
FNH:6
FNDA:45,(anonymous_0)
FNDA:1,(anonymous_1)
FNDA:0,(anonymous_2)
FNDA:2,(anonymous_3)
FNDA:0,(anonymous_4)
FNDA:0,(anonymous_5)
FNDA:35,(anonymous_6)
FNDA:46,(anonymous_7)
FNDA:45,(anonymous_8)
DA:4,45
DA:5,45
DA:6,45
DA:10,1
DA:14,0
DA:18,2
DA:22,0
DA:26,0
DA:30,35
DA:31,305
DA:32,305
DA:33,10
DA:37,25
DA:41,46
DA:42,11
DA:45,35
DA:49,45
DA:50,0
DA:52,45
DA:54,45
DA:58,5
DA:60,5
LF:22
LH:18
BRDA:32,0,0,10
BRDA:32,0,1,295
BRDA:32,1,0,305
BRDA:32,1,1,305
BRDA:41,2,0,11
BRDA:41,2,1,35
BRDA:41,3,0,46
BRDA:41,3,1,21
BRDA:49,4,0,0
BRDA:49,4,1,45
BRF:10
BRH:9
end_of_record
TN:
SF:/Users/manolo/Documents/Dev/libs-js/loggin-js-workspace/loggin-js/src/lib/util.js
FN:1,isFunction
FNF:1
FNH:0
FNDA:0,isFunction
DA:2,0
DA:5,5
LF:2
LH:1
BRDA:2,0,0,0
BRDA:2,0,1,0
BRF:2
BRH:0
end_of_record
