TN:
SF:/Users/manolo/Documents/Dev/libs-js/loggin-js-workspace/loggin-js/src/lib/formatter.js
FN:5,(anonymous_0)
FN:8,(anonymous_1)
FN:9,(anonymous_2)
FN:10,(anonymous_3)
FN:11,(anonymous_4)
FN:12,(anonymous_5)
FN:13,(anonymous_6)
FN:14,(anonymous_7)
FN:15,(anonymous_8)
FN:16,(anonymous_9)
FN:17,(anonymous_10)
FN:18,(anonymous_11)
FN:22,(anonymous_12)
FN:23,(anonymous_13)
FN:24,(anonymous_14)
FN:25,(anonymous_15)
FN:26,(anonymous_16)
FN:27,(anonymous_17)
FN:28,(anonymous_18)
FN:29,(anonymous_19)
FN:30,(anonymous_20)
FN:31,(anonymous_21)
FN:32,(anonymous_22)
FN:65,(anonymous_23)
FN:66,(anonymous_24)
FN:67,(anonymous_25)
FN:68,(anonymous_26)
FN:69,(anonymous_27)
FN:70,(anonymous_28)
FN:71,(anonymous_29)
FN:78,(anonymous_30)
FN:82,(anonymous_31)
FN:84,(anonymous_32)
FN:89,(anonymous_33)
FN:111,(anonymous_34)
FN:122,(anonymous_35)
FN:133,(anonymous_36)
FN:141,(anonymous_37)
FN:164,(anonymous_38)
FN:168,(anonymous_39)
FN:172,(anonymous_40)
FN:176,(anonymous_41)
FN:180,(anonymous_42)
FN:184,(anonymous_43)
FN:188,(anonymous_44)
FN:192,(anonymous_45)
FN:196,(anonymous_46)
FN:200,(anonymous_47)
FNF:48
FNH:4
FNDA:0,(anonymous_0)
FNDA:0,(anonymous_1)
FNDA:0,(anonymous_2)
FNDA:0,(anonymous_3)
FNDA:0,(anonymous_4)
FNDA:0,(anonymous_5)
FNDA:0,(anonymous_6)
FNDA:0,(anonymous_7)
FNDA:0,(anonymous_8)
FNDA:0,(anonymous_9)
FNDA:0,(anonymous_10)
FNDA:0,(anonymous_11)
FNDA:0,(anonymous_12)
FNDA:0,(anonymous_13)
FNDA:0,(anonymous_14)
FNDA:0,(anonymous_15)
FNDA:0,(anonymous_16)
FNDA:0,(anonymous_17)
FNDA:0,(anonymous_18)
FNDA:0,(anonymous_19)
FNDA:0,(anonymous_20)
FNDA:0,(anonymous_21)
FNDA:0,(anonymous_22)
FNDA:0,(anonymous_23)
FNDA:0,(anonymous_24)
FNDA:0,(anonymous_25)
FNDA:0,(anonymous_26)
FNDA:0,(anonymous_27)
FNDA:0,(anonymous_28)
FNDA:0,(anonymous_29)
FNDA:15,(anonymous_30)
FNDA:0,(anonymous_31)
FNDA:0,(anonymous_32)
FNDA:0,(anonymous_33)
FNDA:0,(anonymous_34)
FNDA:28,(anonymous_35)
FNDA:28,(anonymous_36)
FNDA:15,(anonymous_37)
FNDA:0,(anonymous_38)
FNDA:0,(anonymous_39)
FNDA:0,(anonymous_40)
FNDA:0,(anonymous_41)
FNDA:0,(anonymous_42)
FNDA:0,(anonymous_43)
FNDA:0,(anonymous_44)
FNDA:0,(anonymous_45)
FNDA:0,(anonymous_46)
FNDA:0,(anonymous_47)
DA:2,3
DA:3,3
DA:5,3
DA:7,3
DA:8,0
DA:9,0
DA:10,0
DA:11,0
DA:12,0
DA:13,0
DA:14,0
DA:15,0
DA:16,0
DA:17,0
DA:18,0
DA:21,3
DA:22,0
DA:23,0
DA:24,0
DA:25,0
DA:26,0
DA:27,0
DA:28,0
DA:29,0
DA:30,0
DA:31,0
DA:32,0
DA:35,3
DA:63,3
DA:65,0
DA:66,0
DA:67,0
DA:68,0
DA:69,0
DA:70,0
DA:71,0
DA:79,15
DA:83,0
DA:84,0
DA:86,0
DA:98,0
DA:100,0
DA:112,0
DA:113,0
DA:114,0
DA:117,0
DA:123,28
DA:124,133
DA:125,133
DA:126,17
DA:130,11
DA:134,28
DA:135,0
DA:138,28
DA:142,15
DA:143,0
DA:145,15
DA:146,0
DA:149,15
DA:151,15
DA:154,15
DA:161,3
DA:164,0
DA:168,0
DA:172,0
DA:176,0
DA:180,0
DA:184,0
DA:188,0
DA:192,0
DA:196,0
DA:200,0
DA:204,3
DA:206,3
LF:74
LH:23
BRDA:65,0,0,0
BRDA:65,0,1,0
BRDA:66,1,0,0
BRDA:66,1,1,0
BRDA:67,2,0,0
BRDA:67,2,1,0
BRDA:68,3,0,0
BRDA:68,3,1,0
BRDA:69,4,0,0
BRDA:69,4,1,0
BRDA:70,5,0,0
BRDA:70,5,1,0
BRDA:71,6,0,0
BRDA:71,6,1,0
BRDA:89,7,0,0
BRDA:111,8,0,0
BRDA:113,9,0,0
BRDA:113,9,1,0
BRDA:118,10,0,0
BRDA:118,10,1,0
BRDA:125,11,0,17
BRDA:125,11,1,116
BRDA:134,12,0,0
BRDA:134,12,1,28
BRDA:134,13,0,28
BRDA:134,13,1,22
BRDA:141,14,0,0
BRDA:142,15,0,0
BRDA:142,15,1,15
BRDA:145,16,0,0
BRDA:145,16,1,15
BRF:31
BRH:7
end_of_record
TN:
SF:/Users/manolo/Documents/Dev/libs-js/loggin-js-workspace/loggin-js/src/lib/index.js
FN:10,logger
FN:14,notifier
FN:18,formatter
FN:22,severity
FN:26,merge
FN:30,pipe
FN:34,use
FNF:7
FNH:5
FNDA:6,logger
FNDA:6,notifier
FNDA:3,formatter
FNDA:8,severity
FNDA:0,merge
FNDA:0,pipe
FNDA:12,use
DA:3,3
DA:4,3
DA:5,3
DA:6,3
DA:7,3
DA:8,3
DA:11,6
DA:15,6
DA:19,3
DA:23,8
DA:27,0
DA:31,0
DA:35,12
DA:36,0
DA:40,12
DA:44,3
DA:61,3
LF:17
LH:14
BRDA:10,0,0,1
BRDA:10,1,0,6
BRDA:14,2,0,1
BRDA:14,3,0,6
BRDA:18,4,0,1
BRDA:35,5,0,0
BRDA:35,5,1,12
BRF:7
BRH:6
end_of_record
TN:
SF:/Users/manolo/Documents/Dev/libs-js/loggin-js-workspace/loggin-js/src/lib/log.js
FN:10,(anonymous_0)
FN:24,(anonymous_1)
FN:48,(anonymous_2)
FNF:3
FNH:1
FNDA:1,(anonymous_0)
FNDA:0,(anonymous_1)
FNDA:0,(anonymous_2)
DA:2,3
DA:3,3
DA:11,1
DA:12,1
DA:13,1
DA:14,1
DA:15,1
DA:16,1
DA:17,1
DA:35,0
DA:37,0
DA:49,0
DA:53,3
LF:13
LH:10
BRDA:10,0,0,0
BRDA:10,1,0,0
BRDA:10,2,0,1
BRDA:10,3,0,1
BRDA:16,4,0,1
BRDA:16,4,1,0
BRDA:24,5,0,0
BRF:7
BRH:3
end_of_record
TN:
SF:/Users/manolo/Documents/Dev/libs-js/loggin-js-workspace/loggin-js/src/lib/logger.js
FN:14,(anonymous_0)
FN:47,(anonymous_1)
FN:51,(anonymous_2)
FN:56,(anonymous_3)
FN:61,(anonymous_4)
FN:66,(anonymous_5)
FN:71,(anonymous_6)
FN:74,(anonymous_7)
FN:80,(anonymous_8)
FN:82,(anonymous_9)
FN:88,(anonymous_10)
FN:89,(anonymous_11)
FN:96,(anonymous_12)
FN:104,(anonymous_13)
FN:109,(anonymous_14)
FN:110,(anonymous_15)
FN:114,(anonymous_16)
FN:118,(anonymous_17)
FN:123,(anonymous_18)
FN:125,(anonymous_19)
FN:131,(anonymous_20)
FN:133,(anonymous_21)
FN:139,(anonymous_22)
FN:143,(anonymous_23)
FN:160,(anonymous_24)
FN:181,(anonymous_25)
FN:190,(anonymous_26)
FN:199,(anonymous_27)
FN:208,(anonymous_28)
FN:217,(anonymous_29)
FN:226,(anonymous_30)
FN:235,(anonymous_31)
FN:244,(anonymous_32)
FN:253,(anonymous_33)
FN:262,(anonymous_34)
FN:273,(anonymous_35)
FN:285,(anonymous_36)
FN:311,(anonymous_37)
FNF:38
FNH:15
FNDA:6,(anonymous_0)
FNDA:0,(anonymous_1)
FNDA:0,(anonymous_2)
FNDA:6,(anonymous_3)
FNDA:6,(anonymous_4)
FNDA:6,(anonymous_5)
FNDA:6,(anonymous_6)
FNDA:6,(anonymous_7)
FNDA:6,(anonymous_8)
FNDA:6,(anonymous_9)
FNDA:0,(anonymous_10)
FNDA:0,(anonymous_11)
FNDA:0,(anonymous_12)
FNDA:6,(anonymous_13)
FNDA:0,(anonymous_14)
FNDA:0,(anonymous_15)
FNDA:0,(anonymous_16)
FNDA:0,(anonymous_17)
FNDA:6,(anonymous_18)
FNDA:6,(anonymous_19)
FNDA:6,(anonymous_20)
FNDA:6,(anonymous_21)
FNDA:0,(anonymous_22)
FNDA:0,(anonymous_23)
FNDA:0,(anonymous_24)
FNDA:0,(anonymous_25)
FNDA:0,(anonymous_26)
FNDA:0,(anonymous_27)
FNDA:0,(anonymous_28)
FNDA:0,(anonymous_29)
FNDA:0,(anonymous_30)
FNDA:0,(anonymous_31)
FNDA:0,(anonymous_32)
FNDA:0,(anonymous_33)
FNDA:0,(anonymous_34)
FNDA:6,(anonymous_35)
FNDA:0,(anonymous_36)
FNDA:12,(anonymous_37)
DA:3,3
DA:4,3
DA:6,3
DA:7,3
DA:8,3
DA:9,3
DA:10,3
DA:15,6
DA:20,6
DA:21,6
DA:22,6
DA:23,1
DA:26,6
DA:27,6
DA:28,6
DA:29,6
DA:30,6
DA:31,6
DA:32,6
DA:36,6
DA:38,6
DA:39,6
DA:40,6
DA:41,6
DA:42,6
DA:43,6
DA:44,6
DA:48,0
DA:52,0
DA:57,6
DA:58,6
DA:62,6
DA:63,6
DA:67,6
DA:68,6
DA:72,6
DA:74,6
DA:75,6
DA:77,6
DA:81,6
DA:82,6
DA:83,6
DA:85,6
DA:89,0
DA:90,0
DA:92,0
DA:97,0
DA:101,0
DA:105,6
DA:106,6
DA:110,0
DA:111,0
DA:115,0
DA:116,0
DA:118,0
DA:119,0
DA:124,6
DA:125,6
DA:126,6
DA:128,6
DA:132,6
DA:133,6
DA:134,6
DA:136,6
DA:140,0
DA:144,0
DA:153,0
DA:154,0
DA:155,0
DA:156,0
DA:159,0
DA:161,0
DA:163,0
DA:164,0
DA:167,0
DA:170,0
DA:172,0
DA:177,0
DA:182,0
DA:187,0
DA:191,0
DA:196,0
DA:200,0
DA:205,0
DA:209,0
DA:214,0
DA:218,0
DA:223,0
DA:227,0
DA:232,0
DA:236,0
DA:241,0
DA:245,0
DA:250,0
DA:254,0
DA:259,0
DA:263,0
DA:264,0
DA:265,0
DA:266,0
DA:270,0
DA:275,6
DA:276,5
DA:277,5
DA:278,1
DA:279,1
DA:281,0
DA:289,0
DA:290,0
DA:291,0
DA:292,0
DA:293,0
DA:295,0
DA:296,0
DA:299,0
DA:300,0
DA:305,0
DA:306,0
DA:308,0
DA:312,12
DA:313,0
DA:315,12
DA:316,0
DA:319,12
DA:321,12
DA:325,3
DA:326,3
DA:337,3
LF:128
LH:63
BRDA:22,0,0,1
BRDA:22,0,1,5
BRDA:22,1,0,6
BRDA:22,1,1,5
BRDA:47,2,0,0
BRDA:51,3,0,0
BRDA:72,4,0,6
BRDA:72,4,1,5
BRDA:115,5,0,0
BRDA:115,5,1,0
BRDA:123,6,0,0
BRDA:143,7,0,0
BRDA:143,8,0,0
BRDA:145,9,0,0
BRDA:145,9,1,0
BRDA:146,10,0,0
BRDA:146,10,1,0
BRDA:147,11,0,0
BRDA:147,11,1,0
BRDA:148,12,0,0
BRDA:148,12,1,0
BRDA:153,13,0,0
BRDA:153,13,1,0
BRDA:155,14,0,0
BRDA:155,14,1,0
BRDA:161,15,0,0
BRDA:161,15,1,0
BRDA:161,16,0,0
BRDA:161,16,1,0
BRDA:163,17,0,0
BRDA:163,17,1,0
BRDA:167,18,0,0
BRDA:167,18,1,0
BRDA:168,19,0,0
BRDA:168,19,1,0
BRDA:181,20,0,0
BRDA:181,21,0,0
BRDA:190,22,0,0
BRDA:190,23,0,0
BRDA:199,24,0,0
BRDA:199,25,0,0
BRDA:208,26,0,0
BRDA:208,27,0,0
BRDA:217,28,0,0
BRDA:217,29,0,0
BRDA:226,30,0,0
BRDA:226,31,0,0
BRDA:235,32,0,0
BRDA:235,33,0,0
BRDA:244,34,0,0
BRDA:244,35,0,0
BRDA:253,36,0,0
BRDA:253,37,0,0
BRDA:265,38,0,0
BRDA:265,38,1,0
BRDA:273,39,0,0
BRDA:273,40,0,0
BRDA:275,41,0,5
BRDA:275,41,1,1
BRDA:275,42,0,6
BRDA:275,42,1,5
BRDA:278,43,0,1
BRDA:278,43,1,0
BRDA:285,44,0,0
BRDA:292,45,0,0
BRDA:292,45,1,0
BRDA:295,46,0,0
BRDA:295,46,1,0
BRDA:299,47,0,0
BRDA:299,47,1,0
BRDA:312,48,0,0
BRDA:312,48,1,12
BRDA:315,49,0,0
BRDA:315,49,1,12
BRDA:327,50,0,3
BRDA:327,50,1,0
BRF:76
BRH:14
end_of_record
TN:
SF:/Users/manolo/Documents/Dev/libs-js/loggin-js-workspace/loggin-js/src/lib/notifier.js
FN:8,isConstructor
FN:13,(anonymous_1)
FN:34,(anonymous_2)
FN:48,(anonymous_3)
FN:56,(anonymous_4)
FN:59,(anonymous_5)
FN:64,(anonymous_6)
FN:69,(anonymous_7)
FN:74,(anonymous_8)
FN:79,(anonymous_9)
FN:84,(anonymous_10)
FN:89,(anonymous_11)
FN:106,(anonymous_12)
FN:110,(anonymous_13)
FN:114,(anonymous_14)
FN:125,(anonymous_15)
FN:139,(anonymous_16)
FNF:17
FNH:11
FNDA:12,isConstructor
FNDA:17,(anonymous_1)
FNDA:0,(anonymous_2)
FNDA:0,(anonymous_3)
FNDA:0,(anonymous_4)
FNDA:2,(anonymous_5)
FNDA:7,(anonymous_6)
FNDA:22,(anonymous_7)
FNDA:6,(anonymous_8)
FNDA:6,(anonymous_9)
FNDA:1,(anonymous_10)
FNDA:0,(anonymous_11)
FNDA:0,(anonymous_12)
FNDA:0,(anonymous_13)
FNDA:12,(anonymous_14)
FNDA:12,(anonymous_15)
FNDA:12,(anonymous_16)
DA:3,3
DA:4,3
DA:5,3
DA:6,3
DA:9,12
DA:14,17
DA:19,17
DA:20,1
DA:23,16
DA:24,16
DA:25,16
DA:26,16
DA:27,16
DA:28,16
DA:30,16
DA:31,16
DA:33,16
DA:34,0
DA:35,0
DA:36,0
DA:41,16
DA:42,15
DA:43,1
DA:44,1
DA:49,0
DA:50,0
DA:51,0
DA:53,0
DA:56,0
DA:60,2
DA:61,2
DA:65,7
DA:66,7
DA:70,22
DA:71,22
DA:75,6
DA:76,6
DA:80,6
DA:81,6
DA:85,1
DA:86,1
DA:90,0
DA:91,0
DA:93,0
DA:94,0
DA:97,0
DA:98,0
DA:101,0
DA:103,0
DA:107,0
DA:111,0
DA:115,12
DA:116,43
DA:117,43
DA:118,2
DA:122,10
DA:126,12
DA:127,0
DA:130,12
DA:132,12
DA:133,0
DA:136,12
DA:140,12
DA:141,0
DA:143,12
DA:144,0
DA:147,12
DA:149,12
DA:153,3
DA:155,3
DA:161,3
LF:71
LH:49
BRDA:9,0,0,12
BRDA:9,0,1,12
BRDA:13,1,0,2
BRDA:19,2,0,1
BRDA:19,2,1,16
BRDA:19,3,0,17
BRDA:19,3,1,3
BRDA:23,4,0,16
BRDA:23,4,1,16
BRDA:23,4,2,3
BRDA:33,5,0,0
BRDA:33,5,1,16
BRDA:35,6,0,0
BRDA:35,6,1,0
BRDA:41,7,0,15
BRDA:41,7,1,1
BRDA:43,8,0,1
BRDA:43,8,1,0
BRDA:51,9,0,0
BRDA:51,9,1,0
BRDA:51,9,2,0
BRDA:93,10,0,0
BRDA:93,10,1,0
BRDA:97,11,0,0
BRDA:97,11,1,0
BRDA:117,12,0,2
BRDA:117,12,1,41
BRDA:125,13,0,1
BRDA:126,14,0,0
BRDA:126,14,1,12
BRDA:126,15,0,12
BRDA:126,15,1,12
BRDA:132,16,0,0
BRDA:132,16,1,12
BRDA:140,17,0,0
BRDA:140,17,1,12
BRDA:143,18,0,0
BRDA:143,18,1,12
BRF:38
BRH:23
end_of_record
TN:
SF:/Users/manolo/Documents/Dev/libs-js/loggin-js-workspace/loggin-js/src/lib/pipe.js
FN:3,(anonymous_0)
FN:13,(anonymous_1)
FNF:2
FNH:2
FNDA:1,(anonymous_0)
FNDA:1,(anonymous_1)
DA:4,1
DA:5,1
DA:14,1
DA:18,3
LF:4
LH:4
BRF:0
BRH:0
end_of_record
TN:
SF:/Users/manolo/Documents/Dev/libs-js/loggin-js-workspace/loggin-js/src/lib/severity.js
FN:3,(anonymous_0)
FN:9,(anonymous_1)
FN:13,(anonymous_2)
FN:17,(anonymous_3)
FN:21,(anonymous_4)
FN:25,(anonymous_5)
FN:29,(anonymous_6)
FN:40,(anonymous_7)
FN:48,(anonymous_8)
FNF:9
FNH:6
FNDA:27,(anonymous_0)
FNDA:1,(anonymous_1)
FNDA:0,(anonymous_2)
FNDA:1,(anonymous_3)
FNDA:0,(anonymous_4)
FNDA:0,(anonymous_5)
FNDA:28,(anonymous_6)
FNDA:37,(anonymous_7)
FNDA:27,(anonymous_8)
DA:4,27
DA:5,27
DA:6,27
DA:10,1
DA:14,0
DA:18,1
DA:22,0
DA:26,0
DA:30,28
DA:31,243
DA:32,243
DA:33,9
DA:37,19
DA:41,37
DA:42,9
DA:45,28
DA:49,27
DA:50,0
DA:52,27
DA:54,27
DA:58,3
DA:60,3
LF:22
LH:18
BRDA:32,0,0,9
BRDA:32,0,1,234
BRDA:32,1,0,243
BRDA:32,1,1,243
BRDA:41,2,0,9
BRDA:41,2,1,28
BRDA:41,3,0,37
BRDA:41,3,1,18
BRDA:49,4,0,0
BRDA:49,4,1,27
BRF:10
BRH:9
end_of_record
TN:
SF:/Users/manolo/Documents/Dev/libs-js/loggin-js-workspace/loggin-js/src/lib/util.js
FN:1,isFunction
FNF:1
FNH:0
FNDA:0,isFunction
DA:2,0
DA:5,3
LF:2
LH:1
BRDA:2,0,0,0
BRDA:2,0,1,0
BRF:2
BRH:0
end_of_record
